This file contains any messages produced by compilers while
running configure, to aid debugging if configure makes a mistake.

It was created by configure, which was
generated by GNU Autoconf 2.59.  Invocation command line was

  $ ./configure --prefix=/home/subzero/devel/SCRIBUS/

## --------- ##
## Platform. ##
## --------- ##

hostname = powerpuff
uname -m = i686
uname -r = 2.4.26_pre6-gentoo
uname -s = Linux
uname -v = #1 Po dub 19 15:25:22 CEST 2004

/usr/bin/uname -p = AMD Duron(tm) 
/bin/uname -X     = unknown

/bin/arch              = i686
/usr/bin/arch -k       = unknown
/usr/convex/getsysinfo = unknown
hostinfo               = unknown
/bin/machine           = unknown
/usr/bin/oslevel       = unknown
/bin/universe          = unknown

PATH: /usr/kde/3.2/bin
PATH: /bin
PATH: /usr/bin
PATH: /usr/local/bin
PATH: /opt/bin
PATH: /usr/i586-pc-linux-gnu/gcc-bin/3.3
PATH: /opt/Acrobat5
PATH: /usr/X11R6/bin
PATH: /opt/blackdown-jdk-1.4.1/bin
PATH: /opt/blackdown-jdk-1.4.1/jre/bin
PATH: /usr/qt/3/bin
PATH: /usr/kde/3.2/bin
PATH: /usr/games/bin
PATH: /usr/share/karamba/bin


## ----------- ##
## Core tests. ##
## ----------- ##

configure:1383: checking build system type
configure:1401: result: i686-pc-linux-gnu
configure:1409: checking host system type
configure:1423: result: i686-pc-linux-gnu
configure:1431: checking target system type
configure:1445: result: i686-pc-linux-gnu
configure:1492: checking for a BSD-compatible install
configure:1547: result: /bin/install -c
configure:1562: checking for -p flag to install
configure:1575: result: yes
configure:1586: checking whether build environment is sane
configure:1629: result: yes
configure:1649: checking for gawk
configure:1665: found /bin/gawk
configure:1675: result: gawk
configure:1685: checking whether make sets $(MAKE)
configure:1705: result: yes
configure:1883: checking for freetype-config
configure:1901: found /usr/bin/freetype-config
configure:1915: result: /usr/bin/freetype-config
configure:1939: checking for style of include used by make
configure:1967: result: GNU
configure:2038: checking for gcc
configure:2064: result: gcc
configure:2308: checking for C compiler version
configure:2311: gcc --version </dev/null >&5
gcc (GCC) 3.3.3 20040217 (Gentoo Linux 3.3.3, propolice-3.3-7)
Copyright (C) 2003 Free Software Foundation, Inc.
This is free software; see the source for copying conditions.  There is NO
warranty; not even for MERCHANTABILITY or FITNESS FOR A PARTICULAR PURPOSE.

configure:2314: $? = 0
configure:2316: gcc -v </dev/null >&5
Reading specs from /usr/lib/gcc-lib/i586-pc-linux-gnu/3.3.3/specs
Configured with: /var/tmp/portage/gcc-3.3.3/work/gcc-3.3.3/configure --prefix=/usr --bindir=/usr/i586-pc-linux-gnu/gcc-bin/3.3 --includedir=/usr/lib/gcc-lib/i586-pc-linux-gnu/3.3.3/include --datadir=/usr/share/gcc-data/i586-pc-linux-gnu/3.3 --mandir=/usr/share/gcc-data/i586-pc-linux-gnu/3.3/man --infodir=/usr/share/gcc-data/i586-pc-linux-gnu/3.3/info --enable-shared --host=i586-pc-linux-gnu --target=i586-pc-linux-gnu --with-system-zlib --enable-languages=c,c++,f77,objc,java --enable-threads=posix --enable-long-long --disable-checking --enable-cstdio=stdio --enable-clocale=generic --enable-__cxa_atexit --enable-version-specific-runtime-libs --with-gxx-include-dir=/usr/lib/gcc-lib/i586-pc-linux-gnu/3.3.3/include/g++-v3 --with-local-prefix=/usr/local --enable-shared --enable-nls --without-included-gettext --x-includes=/usr/X11R6/include --x-libraries=/usr/X11R6/lib --enable-interpreter --enable-java-awt=xlib --with-x --disable-multilib
Thread model: posix
gcc version 3.3.3 20040217 (Gentoo Linux 3.3.3, propolice-3.3-7)
configure:2319: $? = 0
configure:2321: gcc -V </dev/null >&5
gcc: `-V' option must have argument
configure:2324: $? = 1
configure:2347: checking for C compiler default output file name
configure:2350: gcc    conftest.c  >&5
configure:2353: $? = 0
configure:2399: result: a.out
configure:2404: checking whether the C compiler works
configure:2410: ./a.out
configure:2413: $? = 0
configure:2430: result: yes
configure:2437: checking whether we are cross compiling
configure:2439: result: no
configure:2442: checking for suffix of executables
configure:2444: gcc -o conftest    conftest.c  >&5
configure:2447: $? = 0
configure:2472: result: 
configure:2478: checking for suffix of object files
configure:2499: gcc -c   conftest.c >&5
configure:2502: $? = 0
configure:2524: result: o
configure:2528: checking whether we are using the GNU C compiler
configure:2552: gcc -c   conftest.c >&5
configure:2558: $? = 0
configure:2562: test -z 
			 || test ! -s conftest.err
configure:2565: $? = 0
configure:2568: test -s conftest.o
configure:2571: $? = 0
configure:2584: result: yes
configure:2590: checking whether gcc accepts -g
configure:2611: gcc -c -g  conftest.c >&5
configure:2617: $? = 0
configure:2621: test -z 
			 || test ! -s conftest.err
configure:2624: $? = 0
configure:2627: test -s conftest.o
configure:2630: $? = 0
configure:2641: result: yes
configure:2658: checking for gcc option to accept ANSI C
configure:2728: gcc  -c -g -O2  conftest.c >&5
configure:2734: $? = 0
configure:2738: test -z 
			 || test ! -s conftest.err
configure:2741: $? = 0
configure:2744: test -s conftest.o
configure:2747: $? = 0
configure:2765: result: none needed
configure:2783: gcc -c -g -O2  conftest.c >&5
conftest.c:2: error: syntax error before "me"
configure:2789: $? = 1
configure: failed program was:
| #ifndef __cplusplus
|   choke me
| #endif
configure:2924: checking dependency style of gcc
configure:3007: result: gcc3
configure:3025: checking for FT_Get_Next_Char in -lfreetype
configure:3055: gcc -o conftest -g -O2   conftest.c -lfreetype   >&5
configure:3061: $? = 0
configure:3065: test -z 
			 || test ! -s conftest.err
configure:3068: $? = 0
configure:3071: test -s conftest
configure:3074: $? = 0
configure:3087: result: yes
configure:3106: checking for socket in -lsocket
configure:3136: gcc -o conftest -g -O2   conftest.c -lsocket   >&5
/usr/lib/gcc-lib/i586-pc-linux-gnu/3.3.3/../../../../i586-pc-linux-gnu/bin/ld: cannot find -lsocket
collect2: ld returned 1 exit status
configure:3142: $? = 1
configure: failed program was:
| /* confdefs.h.  */
| 
| #define PACKAGE_NAME ""
| #define PACKAGE_TARNAME ""
| #define PACKAGE_VERSION ""
| #define PACKAGE_STRING ""
| #define PACKAGE_BUGREPORT ""
| #define PACKAGE "scribus-vlna"
| #define VERSION "0.3.7"
| #define HAVE_FREETYPE 1
| /* end confdefs.h.  */
| 
| /* Override any gcc2 internal prototype to avoid an error.  */
| #ifdef __cplusplus
| extern "C"
| #endif
| /* We use char because int might match the return type of a gcc2
|    builtin and then its argument prototype would still apply.  */
| char socket ();
| int
| main ()
| {
| socket ();
|   ;
|   return 0;
| }
configure:3168: result: no
configure:3178: checking for gethostbyaddr in -lnsl
configure:3208: gcc -o conftest -g -O2   conftest.c -lnsl   >&5
configure:3214: $? = 0
configure:3218: test -z 
			 || test ! -s conftest.err
configure:3221: $? = 0
configure:3224: test -s conftest
configure:3227: $? = 0
configure:3240: result: yes
configure:3252: checking for httpConnect in -lcups
configure:3282: gcc -o conftest -g -O2   conftest.c -lcups  -lnsl  >&5
configure:3288: $? = 0
configure:3292: test -z 
			 || test ! -s conftest.err
configure:3295: $? = 0
configure:3298: test -s conftest
configure:3301: $? = 0
configure:3314: result: yes
configure:3325: checking for _cmsChannelsOf in -llcms
configure:3355: gcc -o conftest -g -O2   conftest.c -llcms  -lnsl  >&5
configure:3361: $? = 0
configure:3365: test -z 
			 || test ! -s conftest.err
configure:3368: $? = 0
configure:3371: test -s conftest
configure:3374: $? = 0
configure:3387: result: yes
configure:3401: checking how to run the C preprocessor
configure:3436: gcc -E  conftest.c
configure:3442: $? = 0
configure:3474: gcc -E  conftest.c
conftest.c:12:28: ac_nonexistent.h: No such file or directory
configure:3480: $? = 1
configure: failed program was:
| /* confdefs.h.  */
| 
| #define PACKAGE_NAME ""
| #define PACKAGE_TARNAME ""
| #define PACKAGE_VERSION ""
| #define PACKAGE_STRING ""
| #define PACKAGE_BUGREPORT ""
| #define PACKAGE "scribus-vlna"
| #define VERSION "0.3.7"
| #define HAVE_FREETYPE 1
| /* end confdefs.h.  */
| #include <ac_nonexistent.h>
configure:3519: result: gcc -E
configure:3543: gcc -E  conftest.c
configure:3549: $? = 0
configure:3581: gcc -E  conftest.c
conftest.c:12:28: ac_nonexistent.h: No such file or directory
configure:3587: $? = 1
configure: failed program was:
| /* confdefs.h.  */
| 
| #define PACKAGE_NAME ""
| #define PACKAGE_TARNAME ""
| #define PACKAGE_VERSION ""
| #define PACKAGE_STRING ""
| #define PACKAGE_BUGREPORT ""
| #define PACKAGE "scribus-vlna"
| #define VERSION "0.3.7"
| #define HAVE_FREETYPE 1
| /* end confdefs.h.  */
| #include <ac_nonexistent.h>
configure:3631: checking for egrep
configure:3641: result: grep -E
configure:3646: checking for ANSI C header files
configure:3671: gcc -c -g -O2  conftest.c >&5
configure:3677: $? = 0
configure:3681: test -z 
			 || test ! -s conftest.err
configure:3684: $? = 0
configure:3687: test -s conftest.o
configure:3690: $? = 0
configure:3776: gcc -o conftest -g -O2   conftest.c -lnsl  >&5
configure:3779: $? = 0
configure:3781: ./conftest
configure:3784: $? = 0
configure:3799: result: yes
configure:3823: checking for sys/types.h
configure:3839: gcc -c -g -O2  conftest.c >&5
configure:3845: $? = 0
configure:3849: test -z 
			 || test ! -s conftest.err
configure:3852: $? = 0
configure:3855: test -s conftest.o
configure:3858: $? = 0
configure:3869: result: yes
configure:3823: checking for sys/stat.h
configure:3839: gcc -c -g -O2  conftest.c >&5
configure:3845: $? = 0
configure:3849: test -z 
			 || test ! -s conftest.err
configure:3852: $? = 0
configure:3855: test -s conftest.o
configure:3858: $? = 0
configure:3869: result: yes
configure:3823: checking for stdlib.h
configure:3839: gcc -c -g -O2  conftest.c >&5
configure:3845: $? = 0
configure:3849: test -z 
			 || test ! -s conftest.err
configure:3852: $? = 0
configure:3855: test -s conftest.o
configure:3858: $? = 0
configure:3869: result: yes
configure:3823: checking for string.h
configure:3839: gcc -c -g -O2  conftest.c >&5
configure:3845: $? = 0
configure:3849: test -z 
			 || test ! -s conftest.err
configure:3852: $? = 0
configure:3855: test -s conftest.o
configure:3858: $? = 0
configure:3869: result: yes
configure:3823: checking for memory.h
configure:3839: gcc -c -g -O2  conftest.c >&5
configure:3845: $? = 0
configure:3849: test -z 
			 || test ! -s conftest.err
configure:3852: $? = 0
configure:3855: test -s conftest.o
configure:3858: $? = 0
configure:3869: result: yes
configure:3823: checking for strings.h
configure:3839: gcc -c -g -O2  conftest.c >&5
configure:3845: $? = 0
configure:3849: test -z 
			 || test ! -s conftest.err
configure:3852: $? = 0
configure:3855: test -s conftest.o
configure:3858: $? = 0
configure:3869: result: yes
configure:3823: checking for inttypes.h
configure:3839: gcc -c -g -O2  conftest.c >&5
configure:3845: $? = 0
configure:3849: test -z 
			 || test ! -s conftest.err
configure:3852: $? = 0
configure:3855: test -s conftest.o
configure:3858: $? = 0
configure:3869: result: yes
configure:3823: checking for stdint.h
configure:3839: gcc -c -g -O2  conftest.c >&5
configure:3845: $? = 0
configure:3849: test -z 
			 || test ! -s conftest.err
configure:3852: $? = 0
configure:3855: test -s conftest.o
configure:3858: $? = 0
configure:3869: result: yes
configure:3823: checking for unistd.h
configure:3839: gcc -c -g -O2  conftest.c >&5
configure:3845: $? = 0
configure:3849: test -z 
			 || test ! -s conftest.err
configure:3852: $? = 0
configure:3855: test -s conftest.o
configure:3858: $? = 0
configure:3869: result: yes
configure:3891: checking lcms.h usability
configure:3903: gcc -c -g -O2  conftest.c >&5
conftest.c:56:18: lcms.h: No such file or directory
configure:3909: $? = 1
configure: failed program was:
| /* confdefs.h.  */
| 
| #define PACKAGE_NAME ""
| #define PACKAGE_TARNAME ""
| #define PACKAGE_VERSION ""
| #define PACKAGE_STRING ""
| #define PACKAGE_BUGREPORT ""
| #define PACKAGE "scribus-vlna"
| #define VERSION "0.3.7"
| #define HAVE_FREETYPE 1
| #define STDC_HEADERS 1
| #define HAVE_SYS_TYPES_H 1
| #define HAVE_SYS_STAT_H 1
| #define HAVE_STDLIB_H 1
| #define HAVE_STRING_H 1
| #define HAVE_MEMORY_H 1
| #define HAVE_STRINGS_H 1
| #define HAVE_INTTYPES_H 1
| #define HAVE_STDINT_H 1
| #define HAVE_UNISTD_H 1
| /* end confdefs.h.  */
| #include <stdio.h>
| #if HAVE_SYS_TYPES_H
| # include <sys/types.h>
| #endif
| #if HAVE_SYS_STAT_H
| # include <sys/stat.h>
| #endif
| #if STDC_HEADERS
| # include <stdlib.h>
| # include <stddef.h>
| #else
| # if HAVE_STDLIB_H
| #  include <stdlib.h>
| # endif
| #endif
| #if HAVE_STRING_H
| # if !STDC_HEADERS && HAVE_MEMORY_H
| #  include <memory.h>
| # endif
| # include <string.h>
| #endif
| #if HAVE_STRINGS_H
| # include <strings.h>
| #endif
| #if HAVE_INTTYPES_H
| # include <inttypes.h>
| #else
| # if HAVE_STDINT_H
| #  include <stdint.h>
| # endif
| #endif
| #if HAVE_UNISTD_H
| # include <unistd.h>
| #endif
| #include <lcms.h>
configure:3932: result: no
configure:3936: checking lcms.h presence
configure:3946: gcc -E  conftest.c
conftest.c:22:18: lcms.h: No such file or directory
configure:3952: $? = 1
configure: failed program was:
| /* confdefs.h.  */
| 
| #define PACKAGE_NAME ""
| #define PACKAGE_TARNAME ""
| #define PACKAGE_VERSION ""
| #define PACKAGE_STRING ""
| #define PACKAGE_BUGREPORT ""
| #define PACKAGE "scribus-vlna"
| #define VERSION "0.3.7"
| #define HAVE_FREETYPE 1
| #define STDC_HEADERS 1
| #define HAVE_SYS_TYPES_H 1
| #define HAVE_SYS_STAT_H 1
| #define HAVE_STDLIB_H 1
| #define HAVE_STRING_H 1
| #define HAVE_MEMORY_H 1
| #define HAVE_STRINGS_H 1
| #define HAVE_INTTYPES_H 1
| #define HAVE_STDINT_H 1
| #define HAVE_UNISTD_H 1
| /* end confdefs.h.  */
| #include <lcms.h>
configure:3972: result: no
configure:4007: checking for lcms.h
configure:4014: result: no
configure:4036: checking lcms/lcms.h usability
configure:4048: gcc -c -g -O2  conftest.c >&5
configure:4054: $? = 0
configure:4058: test -z 
			 || test ! -s conftest.err
configure:4061: $? = 0
configure:4064: test -s conftest.o
configure:4067: $? = 0
configure:4077: result: yes
configure:4081: checking lcms/lcms.h presence
configure:4091: gcc -E  conftest.c
configure:4097: $? = 0
configure:4117: result: yes
configure:4152: checking for lcms/lcms.h
configure:4159: result: yes
configure:4193: checking for dlopen in -lc
configure:4223: gcc -o conftest -g -O2   conftest.c -lc  -lnsl  >&5
/tmp/ccAg1ZUz.o(.text+0x9): In function `main':
/home/subzero/devel/tests/donothingplugin-1.0/conftest.c:35: undefined reference to `dlopen'
collect2: ld returned 1 exit status
configure:4229: $? = 1
configure: failed program was:
| /* confdefs.h.  */
| 
| #define PACKAGE_NAME ""
| #define PACKAGE_TARNAME ""
| #define PACKAGE_VERSION ""
| #define PACKAGE_STRING ""
| #define PACKAGE_BUGREPORT ""
| #define PACKAGE "scribus-vlna"
| #define VERSION "0.3.7"
| #define HAVE_FREETYPE 1
| #define STDC_HEADERS 1
| #define HAVE_SYS_TYPES_H 1
| #define HAVE_SYS_STAT_H 1
| #define HAVE_STDLIB_H 1
| #define HAVE_STRING_H 1
| #define HAVE_MEMORY_H 1
| #define HAVE_STRINGS_H 1
| #define HAVE_INTTYPES_H 1
| #define HAVE_STDINT_H 1
| #define HAVE_UNISTD_H 1
| #define CMS_INC "lcms/lcms.h"
| #define HAVE_CMS 1
| /* end confdefs.h.  */
| 
| /* Override any gcc2 internal prototype to avoid an error.  */
| #ifdef __cplusplus
| extern "C"
| #endif
| /* We use char because int might match the return type of a gcc2
|    builtin and then its argument prototype would still apply.  */
| char dlopen ();
| int
| main ()
| {
| dlopen ();
|   ;
|   return 0;
| }
configure:4255: result: no
configure:4266: checking for TIFFOpen in -ltiff
configure:4296: gcc -o conftest -g -O2   conftest.c -ltiff -lm -lnsl  >&5
configure:4302: $? = 0
configure:4306: test -z 
			 || test ! -s conftest.err
configure:4309: $? = 0
configure:4312: test -s conftest
configure:4315: $? = 0
configure:4328: result: yes
configure:4474: checking for gcc
configure:4500: result: gcc
configure:4744: checking for C compiler version
configure:4747: gcc --version </dev/null >&5
gcc (GCC) 3.3.3 20040217 (Gentoo Linux 3.3.3, propolice-3.3-7)
Copyright (C) 2003 Free Software Foundation, Inc.
This is free software; see the source for copying conditions.  There is NO
warranty; not even for MERCHANTABILITY or FITNESS FOR A PARTICULAR PURPOSE.

configure:4750: $? = 0
configure:4752: gcc -v </dev/null >&5
Reading specs from /usr/lib/gcc-lib/i586-pc-linux-gnu/3.3.3/specs
Configured with: /var/tmp/portage/gcc-3.3.3/work/gcc-3.3.3/configure --prefix=/usr --bindir=/usr/i586-pc-linux-gnu/gcc-bin/3.3 --includedir=/usr/lib/gcc-lib/i586-pc-linux-gnu/3.3.3/include --datadir=/usr/share/gcc-data/i586-pc-linux-gnu/3.3 --mandir=/usr/share/gcc-data/i586-pc-linux-gnu/3.3/man --infodir=/usr/share/gcc-data/i586-pc-linux-gnu/3.3/info --enable-shared --host=i586-pc-linux-gnu --target=i586-pc-linux-gnu --with-system-zlib --enable-languages=c,c++,f77,objc,java --enable-threads=posix --enable-long-long --disable-checking --enable-cstdio=stdio --enable-clocale=generic --enable-__cxa_atexit --enable-version-specific-runtime-libs --with-gxx-include-dir=/usr/lib/gcc-lib/i586-pc-linux-gnu/3.3.3/include/g++-v3 --with-local-prefix=/usr/local --enable-shared --enable-nls --without-included-gettext --x-includes=/usr/X11R6/include --x-libraries=/usr/X11R6/lib --enable-interpreter --enable-java-awt=xlib --with-x --disable-multilib
Thread model: posix
gcc version 3.3.3 20040217 (Gentoo Linux 3.3.3, propolice-3.3-7)
configure:4755: $? = 0
configure:4757: gcc -V </dev/null >&5
gcc: `-V' option must have argument
configure:4760: $? = 1
configure:4763: checking whether we are using the GNU C compiler
configure:4819: result: yes
configure:4825: checking whether gcc accepts -g
configure:4876: result: yes
configure:4893: checking for gcc option to accept ANSI C
configure:5000: result: none needed
configure:5018: gcc -c  -g -O2  conftest.c >&5
conftest.c:2: error: syntax error before "me"
configure:5024: $? = 1
configure: failed program was:
| #ifndef __cplusplus
|   choke me
| #endif
configure:5159: checking dependency style of gcc
configure:5242: result: gcc3
configure:5265: checking how to run the C preprocessor
configure:5383: result: gcc -E
configure:5407: gcc -E  conftest.c
configure:5413: $? = 0
configure:5445: gcc -E  conftest.c
conftest.c:26:28: ac_nonexistent.h: No such file or directory
configure:5451: $? = 1
configure: failed program was:
| /* confdefs.h.  */
| 
| #define PACKAGE_NAME ""
| #define PACKAGE_TARNAME ""
| #define PACKAGE_VERSION ""
| #define PACKAGE_STRING ""
| #define PACKAGE_BUGREPORT ""
| #define PACKAGE "scribus-vlna"
| #define VERSION "0.3.7"
| #define HAVE_FREETYPE 1
| #define STDC_HEADERS 1
| #define HAVE_SYS_TYPES_H 1
| #define HAVE_SYS_STAT_H 1
| #define HAVE_STDLIB_H 1
| #define HAVE_STRING_H 1
| #define HAVE_MEMORY_H 1
| #define HAVE_STRINGS_H 1
| #define HAVE_INTTYPES_H 1
| #define HAVE_STDINT_H 1
| #define HAVE_UNISTD_H 1
| #define CMS_INC "lcms/lcms.h"
| #define HAVE_CMS 1
| #define HAVE_TIFF 1
| #define PREL "/home/subzero/devel/SCRIBUS/"
| /* end confdefs.h.  */
| #include <ac_nonexistent.h>
configure:5617: checking for C++ compiler version
configure:5620: g++ --version </dev/null >&5
g++ (GCC) 3.3.3 20040217 (Gentoo Linux 3.3.3, propolice-3.3-7)
Copyright (C) 2003 Free Software Foundation, Inc.
This is free software; see the source for copying conditions.  There is NO
warranty; not even for MERCHANTABILITY or FITNESS FOR A PARTICULAR PURPOSE.

configure:5623: $? = 0
configure:5625: g++ -v </dev/null >&5
Reading specs from /usr/lib/gcc-lib/i586-pc-linux-gnu/3.3.3/specs
Configured with: /var/tmp/portage/gcc-3.3.3/work/gcc-3.3.3/configure --prefix=/usr --bindir=/usr/i586-pc-linux-gnu/gcc-bin/3.3 --includedir=/usr/lib/gcc-lib/i586-pc-linux-gnu/3.3.3/include --datadir=/usr/share/gcc-data/i586-pc-linux-gnu/3.3 --mandir=/usr/share/gcc-data/i586-pc-linux-gnu/3.3/man --infodir=/usr/share/gcc-data/i586-pc-linux-gnu/3.3/info --enable-shared --host=i586-pc-linux-gnu --target=i586-pc-linux-gnu --with-system-zlib --enable-languages=c,c++,f77,objc,java --enable-threads=posix --enable-long-long --disable-checking --enable-cstdio=stdio --enable-clocale=generic --enable-__cxa_atexit --enable-version-specific-runtime-libs --with-gxx-include-dir=/usr/lib/gcc-lib/i586-pc-linux-gnu/3.3.3/include/g++-v3 --with-local-prefix=/usr/local --enable-shared --enable-nls --without-included-gettext --x-includes=/usr/X11R6/include --x-libraries=/usr/X11R6/lib --enable-interpreter --enable-java-awt=xlib --with-x --disable-multilib
Thread model: posix
gcc version 3.3.3 20040217 (Gentoo Linux 3.3.3, propolice-3.3-7)
configure:5628: $? = 0
configure:5630: g++ -V </dev/null >&5
g++: `-V' option must have argument
configure:5633: $? = 1
configure:5636: checking whether we are using the GNU C++ compiler
configure:5660: g++ -c    conftest.cc >&5
configure:5666: $? = 0
configure:5670: test -z 
			 || test ! -s conftest.err
configure:5673: $? = 0
configure:5676: test -s conftest.o
configure:5679: $? = 0
configure:5692: result: yes
configure:5698: checking whether g++ accepts -g
configure:5719: g++ -c -g  conftest.cc >&5
configure:5725: $? = 0
configure:5729: test -z 
			 || test ! -s conftest.err
configure:5732: $? = 0
configure:5735: test -s conftest.o
configure:5738: $? = 0
configure:5749: result: yes
configure:5791: g++ -c    conftest.cc >&5
configure:5797: $? = 0
configure:5801: test -z 
			 || test ! -s conftest.err
configure:5804: $? = 0
configure:5807: test -s conftest.o
configure:5810: $? = 0
configure:5836: g++ -c    conftest.cc >&5
conftest.cc: In function `int main()':
conftest.cc:30: error: `exit' undeclared (first use this function)
conftest.cc:30: error: (Each undeclared identifier is reported only once for 
   each function it appears in.)
configure:5842: $? = 1
configure: failed program was:
| /* confdefs.h.  */
| 
| #define PACKAGE_NAME ""
| #define PACKAGE_TARNAME ""
| #define PACKAGE_VERSION ""
| #define PACKAGE_STRING ""
| #define PACKAGE_BUGREPORT ""
| #define PACKAGE "scribus-vlna"
| #define VERSION "0.3.7"
| #define HAVE_FREETYPE 1
| #define STDC_HEADERS 1
| #define HAVE_SYS_TYPES_H 1
| #define HAVE_SYS_STAT_H 1
| #define HAVE_STDLIB_H 1
| #define HAVE_STRING_H 1
| #define HAVE_MEMORY_H 1
| #define HAVE_STRINGS_H 1
| #define HAVE_INTTYPES_H 1
| #define HAVE_STDINT_H 1
| #define HAVE_UNISTD_H 1
| #define CMS_INC "lcms/lcms.h"
| #define HAVE_CMS 1
| #define HAVE_TIFF 1
| #define PREL "/home/subzero/devel/SCRIBUS/"
| /* end confdefs.h.  */
| 
| int
| main ()
| {
| exit (42);
|   ;
|   return 0;
| }
configure:5791: g++ -c    conftest.cc >&5
configure:5797: $? = 0
configure:5801: test -z 
			 || test ! -s conftest.err
configure:5804: $? = 0
configure:5807: test -s conftest.o
configure:5810: $? = 0
configure:5836: g++ -c    conftest.cc >&5
configure:5842: $? = 0
configure:5846: test -z 
			 || test ! -s conftest.err
configure:5849: $? = 0
configure:5852: test -s conftest.o
configure:5855: $? = 0
configure:5880: checking dependency style of g++
configure:5963: result: gcc3
configure:6649: checking whether g++ supports -fno-exceptions
configure:6685: rm -rf SunWS_cache; g++ -o conftest -O2   -fno-exceptions   conftest.cc -lnsl  1>&5
configure:6691: $? = 0
configure:6695: test -z 
			 || test ! -s conftest.err
configure:6698: $? = 0
configure:6701: test -s conftest
configure:6704: $? = 0
configure:6725: result: yes
configure:6737: checking whether g++ supports -fno-check-new
configure:6773: rm -rf SunWS_cache; g++ -o conftest -O2   -fno-exceptions -fno-check-new   conftest.cc -lnsl  1>&5
configure:6779: $? = 0
configure:6783: test -z 
			 || test ! -s conftest.err
configure:6786: $? = 0
configure:6789: test -s conftest
configure:6792: $? = 0
configure:6813: result: yes
configure:6825: checking whether g++ supports -fexceptions
configure:6861: rm -rf SunWS_cache; g++ -o conftest -O2   -fno-exceptions -fno-check-new -fexceptions   conftest.cc -lnsl  1>&5
configure:6867: $? = 0
configure:6871: test -z 
			 || test ! -s conftest.err
configure:6874: $? = 0
configure:6877: test -s conftest
configure:6880: $? = 0
configure:6901: result: yes
configure:7562: checking how to run the C++ preprocessor
configure:7593: g++ -E  conftest.cc
configure:7599: $? = 0
configure:7631: g++ -E  conftest.cc
conftest.cc:29:28: ac_nonexistent.h: No such file or directory
configure:7637: $? = 1
configure: failed program was:
| /* confdefs.h.  */
| 
| #define PACKAGE_NAME ""
| #define PACKAGE_TARNAME ""
| #define PACKAGE_VERSION ""
| #define PACKAGE_STRING ""
| #define PACKAGE_BUGREPORT ""
| #define PACKAGE "scribus-vlna"
| #define VERSION "0.3.7"
| #define HAVE_FREETYPE 1
| #define STDC_HEADERS 1
| #define HAVE_SYS_TYPES_H 1
| #define HAVE_SYS_STAT_H 1
| #define HAVE_STDLIB_H 1
| #define HAVE_STRING_H 1
| #define HAVE_MEMORY_H 1
| #define HAVE_STRINGS_H 1
| #define HAVE_INTTYPES_H 1
| #define HAVE_STDINT_H 1
| #define HAVE_UNISTD_H 1
| #define CMS_INC "lcms/lcms.h"
| #define HAVE_CMS 1
| #define HAVE_TIFF 1
| #define PREL "/home/subzero/devel/SCRIBUS/"
| #ifdef __cplusplus
| extern "C" void std::exit (int) throw (); using std::exit;
| #endif
| /* end confdefs.h.  */
| #include <ac_nonexistent.h>
configure:7676: result: g++ -E
configure:7700: g++ -E  conftest.cc
configure:7706: $? = 0
configure:7738: g++ -E  conftest.cc
conftest.cc:29:28: ac_nonexistent.h: No such file or directory
configure:7744: $? = 1
configure: failed program was:
| /* confdefs.h.  */
| 
| #define PACKAGE_NAME ""
| #define PACKAGE_TARNAME ""
| #define PACKAGE_VERSION ""
| #define PACKAGE_STRING ""
| #define PACKAGE_BUGREPORT ""
| #define PACKAGE "scribus-vlna"
| #define VERSION "0.3.7"
| #define HAVE_FREETYPE 1
| #define STDC_HEADERS 1
| #define HAVE_SYS_TYPES_H 1
| #define HAVE_SYS_STAT_H 1
| #define HAVE_STDLIB_H 1
| #define HAVE_STRING_H 1
| #define HAVE_MEMORY_H 1
| #define HAVE_STRINGS_H 1
| #define HAVE_INTTYPES_H 1
| #define HAVE_STDINT_H 1
| #define HAVE_UNISTD_H 1
| #define CMS_INC "lcms/lcms.h"
| #define HAVE_CMS 1
| #define HAVE_TIFF 1
| #define PREL "/home/subzero/devel/SCRIBUS/"
| #ifdef __cplusplus
| extern "C" void std::exit (int) throw (); using std::exit;
| #endif
| /* end confdefs.h.  */
| #include <ac_nonexistent.h>
configure:7843: checking whether g++ supports -frepo
configure:7879: rm -rf SunWS_cache; g++ -o conftest -O2 -fno-exceptions -fno-check-new -frepo   conftest.cc -lnsl  1>&5
conftest.cc:1: warning: -frepo must be used with -c
configure:7885: $? = 0
configure:7889: test -z 
			 || test ! -s conftest.err
configure:7892: $? = 0
configure:7895: test -s conftest
configure:7898: $? = 0
configure:7919: result: yes
configure:8153: checking for ld used by GCC
configure:8216: result: /usr/i586-pc-linux-gnu/bin/ld
configure:8225: checking if the linker (/usr/i586-pc-linux-gnu/bin/ld) is GNU ld
GNU ld version 2.14.90.0.8 20040114
configure:8237: result: yes
configure:8242: checking for /usr/i586-pc-linux-gnu/bin/ld option to reload object files
configure:8249: result: -r
configure:8254: checking for BSD-compatible nm
configure:8290: result: /usr/bin/nm -B
configure:8293: checking whether ln -s works
configure:8297: result: yes
configure:8304: checking how to recognise dependant libraries
configure:8475: result: pass_all
configure:8663: checking for ranlib
configure:8679: found /usr/bin/ranlib
configure:8690: result: ranlib
configure:8743: checking for strip
configure:8759: found /usr/bin/strip
configure:8770: result: strip
ltcf-c.sh:need_lc: gcc -c -O2  -g -O2  conftest.c 1>&5
ltcf-c.sh:need_lc: gcc -shared conftest.  -v -Wl,-soname -Wl,conftest -o conftest
ltconfig:678:checking for gcc option to produce PIC
ltconfig:687:checking that gcc PIC flag -fPIC -DPIC works.
ltconfig:697: gcc -c -O2  -g -O2 -fPIC -DPIC -DPIC  conftest.c 1>&5
ltconfig:749: checking if gcc static flag -static works
ltconfig:758: gcc -o conftest -O2  -g -O2   -static conftest.c -lnsl  1>&5
ltconfig:780: finding the maximum length of command line arguments
ltconfig:@lineno@: result: 73729
ltconfig:829: checking if gcc supports -c -o file.o
ltconfig:830: gcc -c -O2  -g -O2 -o out/conftest2.o  conftest.c 1>&5
ltconfig:883: checking if gcc supports -fno-rtti -fno-exceptions
ltconfig:884: gcc -c -O2  -g -O2 -fno-rtti -fno-exceptions -c conftest.c  conftest.c 1>&5
ltconfig:1423: checking if global_symbol_pipe works
ltconfig:1424: gcc -c -O2  -g -O2  conftest.c 1>&5
ltconfig:1427: eval "/usr/bin/nm -B conftest.o | sed -n -e 's/^.*[ 	]\([ABCDGISTW]\)[ 	][ 	]*\(\)\([_A-Za-z][_A-Za-z0-9]*\)$/\1 \2\3 \3/p' > conftest.nm"
ltconfig:1479: gcc -o conftest -O2  -g -O2 -fno-builtin   conftest.c conftstm.o 1>&5
g++ -E conftest.cc
ltconfig:678:checking for g++ option to produce PIC
ltconfig:687:checking that g++ PIC flag -fPIC -DPIC works.
ltconfig:697: g++ -c -O2 -fno-exceptions -fno-check-new -fPIC -DPIC -DPIC  conftest.cc 1>&5
ltconfig:749: checking if g++ static flag -static works
ltconfig:758: g++ -o conftest -O2 -fno-exceptions -fno-check-new   -static conftest.cc -lnsl  1>&5
ltconfig:780: finding the maximum length of command line arguments
ltconfig:@lineno@: result: 73729
ltconfig:829: checking if g++ supports -c -o file.o
ltconfig:830: g++ -c -O2 -fno-exceptions -fno-check-new -o out/conftest2.o  conftest.cc 1>&5
ltconfig:883: checking if g++ supports -fno-rtti -fno-exceptions
ltconfig:884: g++ -c -O2 -fno-exceptions -fno-check-new -fno-rtti -fno-exceptions -c conftest.cc  conftest.cc 1>&5
ltconfig:1423: checking if global_symbol_pipe works
ltconfig:1424: g++ -c -O2 -fno-exceptions -fno-check-new  conftest.cc 1>&5
ltconfig:1427: eval "/usr/bin/nm -B conftest.o | sed -n -e 's/^.*[ 	]\([ABCDGISTW]\)[ 	][ 	]*\(\)\([_A-Za-z][_A-Za-z0-9]*\)$/\1 \2\3 \3/p' > conftest.nm"
ltconfig:1479: g++ -o conftest -O2 -fno-exceptions -fno-check-new -fno-builtin -fno-rtti -fno-exceptions   conftest.cc conftstm.o 1>&5
configure:9166: checking for dlopen in -ldl
configure:9196: gcc -o conftest -O2  -g -O2   conftest.c -ldl  -lnsl  >&5
configure:9202: $? = 0
configure:9206: test -z 
			 || test ! -s conftest.err
configure:9209: $? = 0
configure:9212: test -s conftest
configure:9215: $? = 0
configure:9228: result: yes
configure:9238: checking for shl_unload in -ldld
configure:9268: gcc -o conftest -O2  -g -O2   conftest.c -ldld  -lnsl  >&5
/usr/lib/gcc-lib/i586-pc-linux-gnu/3.3.3/../../../../i586-pc-linux-gnu/bin/ld: cannot find -ldld
collect2: ld returned 1 exit status
configure:9274: $? = 1
configure: failed program was:
| /* confdefs.h.  */
| 
| #define PACKAGE_NAME ""
| #define PACKAGE_TARNAME ""
| #define PACKAGE_VERSION ""
| #define PACKAGE_STRING ""
| #define PACKAGE_BUGREPORT ""
| #define PACKAGE "scribus-vlna"
| #define VERSION "0.3.7"
| #define HAVE_FREETYPE 1
| #define STDC_HEADERS 1
| #define HAVE_SYS_TYPES_H 1
| #define HAVE_SYS_STAT_H 1
| #define HAVE_STDLIB_H 1
| #define HAVE_STRING_H 1
| #define HAVE_MEMORY_H 1
| #define HAVE_STRINGS_H 1
| #define HAVE_INTTYPES_H 1
| #define HAVE_STDINT_H 1
| #define HAVE_UNISTD_H 1
| #define CMS_INC "lcms/lcms.h"
| #define HAVE_CMS 1
| #define HAVE_TIFF 1
| #define PREL "/home/subzero/devel/SCRIBUS/"
| #ifdef __cplusplus
| extern "C" void std::exit (int) throw (); using std::exit;
| #endif
| #define HAVE_TEMPLATE_REPOSITORY 1
| /* end confdefs.h.  */
| 
| /* Override any gcc2 internal prototype to avoid an error.  */
| #ifdef __cplusplus
| extern "C"
| #endif
| /* We use char because int might match the return type of a gcc2
|    builtin and then its argument prototype would still apply.  */
| char shl_unload ();
| int
| main ()
| {
| shl_unload ();
|   ;
|   return 0;
| }
configure:9300: result: no
configure:9313: checking for pthread_create in -lpthread
configure:9343: gcc -o conftest -O2  -g -O2   conftest.c -lpthread  -lnsl  >&5
configure:9349: $? = 0
configure:9353: test -z 
			 || test ! -s conftest.err
configure:9356: $? = 0
configure:9359: test -s conftest
configure:9362: $? = 0
configure:9375: result: yes
configure:9384: checking for Python directory
configure:9412: result: /usr/local
configure:9427: checking for Python2.2
configure: 9440: /usr/local/include/Python.h
configure: 9440: /usr/include/Python.h
configure: 9440: /usr/local/include//Python.h
configure: 9456: /usr/local/include/python2.2/Python.h
configure: 9456: /usr/include/python2.2/Python.h
taking that
configure: 9480: /usr/local/lib/libpython2.2.a
configure: 9480: /usr/lib/libpython2.2.a
configure: 9480: /usr/local/libpython2.2.a
configure: 9480: /usr/lib/libpython2.2.a
configure: 9496: /usr/local/lib/python2.2/config/libpython2.2.a
configure: 9496: /usr/lib/python2.2/config/libpython2.2.a
taking that
configure: 9524: /usr/local/lib/python2.2/copy.py
configure: 9524: /usr/lib/python2.2/copy.py
taking that
configure:9537: result: header /usr/include/python2.2 library /usr/lib/python2.2/config modules /usr/lib/python2.2
configure:13998: checking if a Python application links
configure:14044: gcc -o conftest -O2  -g -O2 -I/usr/include/python2.2   -L/usr/lib/python2.2/config conftest.c -lnsl  -lpython2.2  -ldl  >&5
/usr/lib/python2.2/config/libpython2.2.a(posixmodule.o)(.text+0x37d2): In function `posix_tmpnam':
: warning: the use of `tmpnam_r' is dangerous, better use `mkstemp'
/usr/lib/python2.2/config/libpython2.2.a(posixmodule.o)(.text+0x36d9): In function `posix_tempnam':
: warning: the use of `tempnam' is dangerous, better use `mkstemp'
/usr/lib/python2.2/config/libpython2.2.a(thread.o)(.text+0x3e1): In function `PyThread_start_new_thread':
: undefined reference to `pthread_sigmask'
/usr/lib/python2.2/config/libpython2.2.a(thread.o)(.text+0x401): In function `PyThread_start_new_thread':
: undefined reference to `pthread_create'
/usr/lib/python2.2/config/libpython2.2.a(thread.o)(.text+0x41b): In function `PyThread_start_new_thread':
: undefined reference to `pthread_sigmask'
/usr/lib/python2.2/config/libpython2.2.a(thread.o)(.text+0x44a): In function `PyThread_start_new_thread':
: undefined reference to `pthread_detach'
/usr/lib/python2.2/config/libpython2.2.a(posixmodule.o)(.text+0x16eb): In function `posix_openpty':
: undefined reference to `openpty'
/usr/lib/python2.2/config/libpython2.2.a(posixmodule.o)(.text+0x176f): In function `posix_forkpty':
: undefined reference to `forkpty'
/usr/lib/python2.2/config/libpython2.2.a(complexobject.o)(.text+0x201): In function `_Py_c_pow':
: undefined reference to `pow'
/usr/lib/python2.2/config/libpython2.2.a(complexobject.o)(.text+0x23d): In function `_Py_c_pow':
: undefined reference to `cos'
/usr/lib/python2.2/config/libpython2.2.a(complexobject.o)(.text+0x24e): In function `_Py_c_pow':
: undefined reference to `sin'
/usr/lib/python2.2/config/libpython2.2.a(complexobject.o)(.text+0x266): In function `_Py_c_pow':
: undefined reference to `exp'
/usr/lib/python2.2/config/libpython2.2.a(complexobject.o)(.text+0x278): In function `_Py_c_pow':
: undefined reference to `log'
/usr/lib/python2.2/config/libpython2.2.a(floatobject.o)(.text+0x2716): In function `float_pow':
: undefined reference to `pow'
collect2: ld returned 1 exit status
configure:14050: $? = 1
configure: failed program was:
| /* confdefs.h.  */
| 
| #define PACKAGE_NAME ""
| #define PACKAGE_TARNAME ""
| #define PACKAGE_VERSION ""
| #define PACKAGE_STRING ""
| #define PACKAGE_BUGREPORT ""
| #define PACKAGE "scribus-vlna"
| #define VERSION "0.3.7"
| #define HAVE_FREETYPE 1
| #define STDC_HEADERS 1
| #define HAVE_SYS_TYPES_H 1
| #define HAVE_SYS_STAT_H 1
| #define HAVE_STDLIB_H 1
| #define HAVE_STRING_H 1
| #define HAVE_MEMORY_H 1
| #define HAVE_STRINGS_H 1
| #define HAVE_INTTYPES_H 1
| #define HAVE_STDINT_H 1
| #define HAVE_UNISTD_H 1
| #define CMS_INC "lcms/lcms.h"
| #define HAVE_CMS 1
| #define HAVE_TIFF 1
| #define PREL "/home/subzero/devel/SCRIBUS/"
| #ifdef __cplusplus
| extern "C" void std::exit (int) throw (); using std::exit;
| #endif
| #define HAVE_TEMPLATE_REPOSITORY 1
| /* end confdefs.h.  */
| 
| #include <Python.h>
| 
| int
| main ()
| {
| 
| 	PySys_SetArgv(1, 0);
| 
|   ;
|   return 0;
| }
configure:14091: result: no
configure:14112: checking if Python depends on -lm
configure:14155: gcc -o conftest -O2  -g -O2 -I/usr/include/python2.2   -L/usr/lib/python2.2/config conftest.c -lnsl  -lpython2.2 -lm -ldl  >&5
/usr/lib/python2.2/config/libpython2.2.a(posixmodule.o)(.text+0x37d2): In function `posix_tmpnam':
: warning: the use of `tmpnam_r' is dangerous, better use `mkstemp'
/usr/lib/python2.2/config/libpython2.2.a(posixmodule.o)(.text+0x36d9): In function `posix_tempnam':
: warning: the use of `tempnam' is dangerous, better use `mkstemp'
/usr/lib/python2.2/config/libpython2.2.a(thread.o)(.text+0x3e1): In function `PyThread_start_new_thread':
: undefined reference to `pthread_sigmask'
/usr/lib/python2.2/config/libpython2.2.a(thread.o)(.text+0x401): In function `PyThread_start_new_thread':
: undefined reference to `pthread_create'
/usr/lib/python2.2/config/libpython2.2.a(thread.o)(.text+0x41b): In function `PyThread_start_new_thread':
: undefined reference to `pthread_sigmask'
/usr/lib/python2.2/config/libpython2.2.a(thread.o)(.text+0x44a): In function `PyThread_start_new_thread':
: undefined reference to `pthread_detach'
/usr/lib/python2.2/config/libpython2.2.a(posixmodule.o)(.text+0x16eb): In function `posix_openpty':
: undefined reference to `openpty'
/usr/lib/python2.2/config/libpython2.2.a(posixmodule.o)(.text+0x176f): In function `posix_forkpty':
: undefined reference to `forkpty'
collect2: ld returned 1 exit status
configure:14161: $? = 1
configure: failed program was:
| /* confdefs.h.  */
| 
| #define PACKAGE_NAME ""
| #define PACKAGE_TARNAME ""
| #define PACKAGE_VERSION ""
| #define PACKAGE_STRING ""
| #define PACKAGE_BUGREPORT ""
| #define PACKAGE "scribus-vlna"
| #define VERSION "0.3.7"
| #define HAVE_FREETYPE 1
| #define STDC_HEADERS 1
| #define HAVE_SYS_TYPES_H 1
| #define HAVE_SYS_STAT_H 1
| #define HAVE_STDLIB_H 1
| #define HAVE_STRING_H 1
| #define HAVE_MEMORY_H 1
| #define HAVE_STRINGS_H 1
| #define HAVE_INTTYPES_H 1
| #define HAVE_STDINT_H 1
| #define HAVE_UNISTD_H 1
| #define CMS_INC "lcms/lcms.h"
| #define HAVE_CMS 1
| #define HAVE_TIFF 1
| #define PREL "/home/subzero/devel/SCRIBUS/"
| #ifdef __cplusplus
| extern "C" void std::exit (int) throw (); using std::exit;
| #endif
| #define HAVE_TEMPLATE_REPOSITORY 1
| /* end confdefs.h.  */
| 
| #include <Python.h>
| 
| int
| main ()
| {
| 
| 	PySys_SetArgv(1, 0);
| 
|   ;
|   return 0;
| }
configure:14202: result: no
configure:14223: checking if Python depends on -lpthread
configure:14266: gcc -o conftest -O2  -g -O2 -I/usr/include/python2.2   -L/usr/lib/python2.2/config conftest.c -lnsl  -lpython2.2 -lpthread -ldl  >&5
/usr/lib/python2.2/config/libpython2.2.a(posixmodule.o)(.text+0x37d2): In function `posix_tmpnam':
: warning: the use of `tmpnam_r' is dangerous, better use `mkstemp'
/usr/lib/python2.2/config/libpython2.2.a(posixmodule.o)(.text+0x36d9): In function `posix_tempnam':
: warning: the use of `tempnam' is dangerous, better use `mkstemp'
/usr/lib/python2.2/config/libpython2.2.a(posixmodule.o)(.text+0x16eb): In function `posix_openpty':
: undefined reference to `openpty'
/usr/lib/python2.2/config/libpython2.2.a(posixmodule.o)(.text+0x176f): In function `posix_forkpty':
: undefined reference to `forkpty'
/usr/lib/python2.2/config/libpython2.2.a(complexobject.o)(.text+0x201): In function `_Py_c_pow':
: undefined reference to `pow'
/usr/lib/python2.2/config/libpython2.2.a(complexobject.o)(.text+0x23d): In function `_Py_c_pow':
: undefined reference to `cos'
/usr/lib/python2.2/config/libpython2.2.a(complexobject.o)(.text+0x24e): In function `_Py_c_pow':
: undefined reference to `sin'
/usr/lib/python2.2/config/libpython2.2.a(complexobject.o)(.text+0x266): In function `_Py_c_pow':
: undefined reference to `exp'
/usr/lib/python2.2/config/libpython2.2.a(complexobject.o)(.text+0x278): In function `_Py_c_pow':
: undefined reference to `log'
/usr/lib/python2.2/config/libpython2.2.a(floatobject.o)(.text+0x2716): In function `float_pow':
: undefined reference to `pow'
collect2: ld returned 1 exit status
configure:14272: $? = 1
configure: failed program was:
| /* confdefs.h.  */
| 
| #define PACKAGE_NAME ""
| #define PACKAGE_TARNAME ""
| #define PACKAGE_VERSION ""
| #define PACKAGE_STRING ""
| #define PACKAGE_BUGREPORT ""
| #define PACKAGE "scribus-vlna"
| #define VERSION "0.3.7"
| #define HAVE_FREETYPE 1
| #define STDC_HEADERS 1
| #define HAVE_SYS_TYPES_H 1
| #define HAVE_SYS_STAT_H 1
| #define HAVE_STDLIB_H 1
| #define HAVE_STRING_H 1
| #define HAVE_MEMORY_H 1
| #define HAVE_STRINGS_H 1
| #define HAVE_INTTYPES_H 1
| #define HAVE_STDINT_H 1
| #define HAVE_UNISTD_H 1
| #define CMS_INC "lcms/lcms.h"
| #define HAVE_CMS 1
| #define HAVE_TIFF 1
| #define PREL "/home/subzero/devel/SCRIBUS/"
| #ifdef __cplusplus
| extern "C" void std::exit (int) throw (); using std::exit;
| #endif
| #define HAVE_TEMPLATE_REPOSITORY 1
| /* end confdefs.h.  */
| 
| #include <Python.h>
| 
| int
| main ()
| {
| 
| 	PySys_SetArgv(1, 0);
| 
|   ;
|   return 0;
| }
configure:14313: result: no
configure:14334: checking if Python depends on -ltcl
configure:14377: gcc -o conftest -O2  -g -O2 -I/usr/include/python2.2   -L/usr/lib/python2.2/config conftest.c -lnsl  -lpython2.2 -ltcl -ldl  >&5
/usr/lib/python2.2/config/libpython2.2.a(posixmodule.o)(.text+0x37d2): In function `posix_tmpnam':
: warning: the use of `tmpnam_r' is dangerous, better use `mkstemp'
/usr/lib/python2.2/config/libpython2.2.a(posixmodule.o)(.text+0x36d9): In function `posix_tempnam':
: warning: the use of `tempnam' is dangerous, better use `mkstemp'
/usr/lib/python2.2/config/libpython2.2.a(thread.o)(.text+0x3e1): In function `PyThread_start_new_thread':
: undefined reference to `pthread_sigmask'
/usr/lib/python2.2/config/libpython2.2.a(thread.o)(.text+0x401): In function `PyThread_start_new_thread':
: undefined reference to `pthread_create'
/usr/lib/python2.2/config/libpython2.2.a(thread.o)(.text+0x41b): In function `PyThread_start_new_thread':
: undefined reference to `pthread_sigmask'
/usr/lib/python2.2/config/libpython2.2.a(thread.o)(.text+0x44a): In function `PyThread_start_new_thread':
: undefined reference to `pthread_detach'
/usr/lib/python2.2/config/libpython2.2.a(posixmodule.o)(.text+0x16eb): In function `posix_openpty':
: undefined reference to `openpty'
/usr/lib/python2.2/config/libpython2.2.a(posixmodule.o)(.text+0x176f): In function `posix_forkpty':
: undefined reference to `forkpty'
collect2: ld returned 1 exit status
configure:14383: $? = 1
configure: failed program was:
| /* confdefs.h.  */
| 
| #define PACKAGE_NAME ""
| #define PACKAGE_TARNAME ""
| #define PACKAGE_VERSION ""
| #define PACKAGE_STRING ""
| #define PACKAGE_BUGREPORT ""
| #define PACKAGE "scribus-vlna"
| #define VERSION "0.3.7"
| #define HAVE_FREETYPE 1
| #define STDC_HEADERS 1
| #define HAVE_SYS_TYPES_H 1
| #define HAVE_SYS_STAT_H 1
| #define HAVE_STDLIB_H 1
| #define HAVE_STRING_H 1
| #define HAVE_MEMORY_H 1
| #define HAVE_STRINGS_H 1
| #define HAVE_INTTYPES_H 1
| #define HAVE_STDINT_H 1
| #define HAVE_UNISTD_H 1
| #define CMS_INC "lcms/lcms.h"
| #define HAVE_CMS 1
| #define HAVE_TIFF 1
| #define PREL "/home/subzero/devel/SCRIBUS/"
| #ifdef __cplusplus
| extern "C" void std::exit (int) throw (); using std::exit;
| #endif
| #define HAVE_TEMPLATE_REPOSITORY 1
| /* end confdefs.h.  */
| 
| #include <Python.h>
| 
| int
| main ()
| {
| 
| 	PySys_SetArgv(1, 0);
| 
|   ;
|   return 0;
| }
configure:14424: result: no
configure:14445: checking if Python depends on -ldb2
configure:14488: gcc -o conftest -O2  -g -O2 -I/usr/include/python2.2   -L/usr/lib/python2.2/config conftest.c -lnsl  -lpython2.2 -ldb2 -ldl  >&5
/usr/lib/gcc-lib/i586-pc-linux-gnu/3.3.3/../../../../i586-pc-linux-gnu/bin/ld: cannot find -ldb2
collect2: ld returned 1 exit status
configure:14494: $? = 1
configure: failed program was:
| /* confdefs.h.  */
| 
| #define PACKAGE_NAME ""
| #define PACKAGE_TARNAME ""
| #define PACKAGE_VERSION ""
| #define PACKAGE_STRING ""
| #define PACKAGE_BUGREPORT ""
| #define PACKAGE "scribus-vlna"
| #define VERSION "0.3.7"
| #define HAVE_FREETYPE 1
| #define STDC_HEADERS 1
| #define HAVE_SYS_TYPES_H 1
| #define HAVE_SYS_STAT_H 1
| #define HAVE_STDLIB_H 1
| #define HAVE_STRING_H 1
| #define HAVE_MEMORY_H 1
| #define HAVE_STRINGS_H 1
| #define HAVE_INTTYPES_H 1
| #define HAVE_STDINT_H 1
| #define HAVE_UNISTD_H 1
| #define CMS_INC "lcms/lcms.h"
| #define HAVE_CMS 1
| #define HAVE_TIFF 1
| #define PREL "/home/subzero/devel/SCRIBUS/"
| #ifdef __cplusplus
| extern "C" void std::exit (int) throw (); using std::exit;
| #endif
| #define HAVE_TEMPLATE_REPOSITORY 1
| /* end confdefs.h.  */
| 
| #include <Python.h>
| 
| int
| main ()
| {
| 
| 	PySys_SetArgv(1, 0);
| 
|   ;
|   return 0;
| }
configure:14535: result: no
configure:14556: checking if Python depends on -lpthread -lm
configure:14599: gcc -o conftest -O2  -g -O2 -I/usr/include/python2.2   -L/usr/lib/python2.2/config conftest.c -lnsl  -lpython2.2 -lpthread -lm -ldl  >&5
/usr/lib/python2.2/config/libpython2.2.a(posixmodule.o)(.text+0x37d2): In function `posix_tmpnam':
: warning: the use of `tmpnam_r' is dangerous, better use `mkstemp'
/usr/lib/python2.2/config/libpython2.2.a(posixmodule.o)(.text+0x36d9): In function `posix_tempnam':
: warning: the use of `tempnam' is dangerous, better use `mkstemp'
/usr/lib/python2.2/config/libpython2.2.a(posixmodule.o)(.text+0x16eb): In function `posix_openpty':
: undefined reference to `openpty'
/usr/lib/python2.2/config/libpython2.2.a(posixmodule.o)(.text+0x176f): In function `posix_forkpty':
: undefined reference to `forkpty'
collect2: ld returned 1 exit status
configure:14605: $? = 1
configure: failed program was:
| /* confdefs.h.  */
| 
| #define PACKAGE_NAME ""
| #define PACKAGE_TARNAME ""
| #define PACKAGE_VERSION ""
| #define PACKAGE_STRING ""
| #define PACKAGE_BUGREPORT ""
| #define PACKAGE "scribus-vlna"
| #define VERSION "0.3.7"
| #define HAVE_FREETYPE 1
| #define STDC_HEADERS 1
| #define HAVE_SYS_TYPES_H 1
| #define HAVE_SYS_STAT_H 1
| #define HAVE_STDLIB_H 1
| #define HAVE_STRING_H 1
| #define HAVE_MEMORY_H 1
| #define HAVE_STRINGS_H 1
| #define HAVE_INTTYPES_H 1
| #define HAVE_STDINT_H 1
| #define HAVE_UNISTD_H 1
| #define CMS_INC "lcms/lcms.h"
| #define HAVE_CMS 1
| #define HAVE_TIFF 1
| #define PREL "/home/subzero/devel/SCRIBUS/"
| #ifdef __cplusplus
| extern "C" void std::exit (int) throw (); using std::exit;
| #endif
| #define HAVE_TEMPLATE_REPOSITORY 1
| /* end confdefs.h.  */
| 
| #include <Python.h>
| 
| int
| main ()
| {
| 
| 	PySys_SetArgv(1, 0);
| 
|   ;
|   return 0;
| }
configure:14646: result: no
configure:14667: checking if Python depends on -lpthread -lm -lutil
configure:14710: gcc -o conftest -O2  -g -O2 -I/usr/include/python2.2   -L/usr/lib/python2.2/config conftest.c -lnsl  -lpython2.2 -lpthread -lm -lutil -ldl  >&5
/usr/lib/python2.2/config/libpython2.2.a(posixmodule.o)(.text+0x37d2): In function `posix_tmpnam':
: warning: the use of `tmpnam_r' is dangerous, better use `mkstemp'
/usr/lib/python2.2/config/libpython2.2.a(posixmodule.o)(.text+0x36d9): In function `posix_tempnam':
: warning: the use of `tempnam' is dangerous, better use `mkstemp'
configure:14716: $? = 0
configure:14720: test -z 
			 || test ! -s conftest.err
configure:14723: $? = 0
configure:14726: test -s conftest
configure:14729: $? = 0
configure:14749: result: yes
configure:15358: checking cups/cups.h usability
configure:15370: gcc -c -O2  -g -O2  conftest.c >&5
configure:15376: $? = 0
configure:15380: test -z 
			 || test ! -s conftest.err
configure:15383: $? = 0
configure:15386: test -s conftest.o
configure:15389: $? = 0
configure:15399: result: yes
configure:15403: checking cups/cups.h presence
configure:15413: gcc -E  conftest.c
configure:15419: $? = 0
configure:15439: result: yes
configure:15474: checking for cups/cups.h
configure:15481: result: yes
configure:15512: checking for main in -lutil
configure:15536: gcc -o conftest -O2  -g -O2   conftest.c -lutil  -lnsl  >&5
configure:15542: $? = 0
configure:15546: test -z 
			 || test ! -s conftest.err
configure:15549: $? = 0
configure:15552: test -s conftest
configure:15555: $? = 0
configure:15568: result: yes
configure:15574: checking for main in -lcompat
configure:15598: gcc -o conftest -O2  -g -O2   conftest.c -lcompat  -lnsl  >&5
/usr/lib/gcc-lib/i586-pc-linux-gnu/3.3.3/../../../../i586-pc-linux-gnu/bin/ld: cannot find -lcompat
collect2: ld returned 1 exit status
configure:15604: $? = 1
configure: failed program was:
| /* confdefs.h.  */
| 
| #define PACKAGE_NAME ""
| #define PACKAGE_TARNAME ""
| #define PACKAGE_VERSION ""
| #define PACKAGE_STRING ""
| #define PACKAGE_BUGREPORT ""
| #define PACKAGE "scribus-vlna"
| #define VERSION "0.3.7"
| #define HAVE_FREETYPE 1
| #define STDC_HEADERS 1
| #define HAVE_SYS_TYPES_H 1
| #define HAVE_SYS_STAT_H 1
| #define HAVE_STDLIB_H 1
| #define HAVE_STRING_H 1
| #define HAVE_MEMORY_H 1
| #define HAVE_STRINGS_H 1
| #define HAVE_INTTYPES_H 1
| #define HAVE_STDINT_H 1
| #define HAVE_UNISTD_H 1
| #define CMS_INC "lcms/lcms.h"
| #define HAVE_CMS 1
| #define HAVE_TIFF 1
| #define PREL "/home/subzero/devel/SCRIBUS/"
| #ifdef __cplusplus
| extern "C" void std::exit (int) throw (); using std::exit;
| #endif
| #define HAVE_TEMPLATE_REPOSITORY 1
| #define HAVE_PYTHON 1
| #define HAVE_CUPS 1
| /* end confdefs.h.  */
| 
| 
| int
| main ()
| {
| main ();
|   ;
|   return 0;
| }
configure:15630: result: no
configure:15637: checking for crypt in -lcrypt
configure:15667: gcc -o conftest -O2  -g -O2   conftest.c -lcrypt  -lnsl  >&5
configure:15673: $? = 0
configure:15677: test -z 
			 || test ! -s conftest.err
configure:15680: $? = 0
configure:15683: test -s conftest
configure:15686: $? = 0
configure:15699: result: yes
configure:15793: checking for socklen_t
configure:15832: g++ -c -O2 -fno-exceptions -fno-check-new  conftest.cc >&5
configure:15838: $? = 0
configure:15842: test -z 
			 || test ! -s conftest.err
configure:15845: $? = 0
configure:15848: test -s conftest.o
configure:15851: $? = 0
configure:15923: result: socklen_t
configure:15945: checking for dnet_ntoa in -ldnet
configure:15975: gcc -o conftest -O2  -g -O2   conftest.c -ldnet  -lnsl  >&5
/usr/lib/gcc-lib/i586-pc-linux-gnu/3.3.3/../../../../i586-pc-linux-gnu/bin/ld: cannot find -ldnet
collect2: ld returned 1 exit status
configure:15981: $? = 1
configure: failed program was:
| /* confdefs.h.  */
| 
| #define PACKAGE_NAME ""
| #define PACKAGE_TARNAME ""
| #define PACKAGE_VERSION ""
| #define PACKAGE_STRING ""
| #define PACKAGE_BUGREPORT ""
| #define PACKAGE "scribus-vlna"
| #define VERSION "0.3.7"
| #define HAVE_FREETYPE 1
| #define STDC_HEADERS 1
| #define HAVE_SYS_TYPES_H 1
| #define HAVE_SYS_STAT_H 1
| #define HAVE_STDLIB_H 1
| #define HAVE_STRING_H 1
| #define HAVE_MEMORY_H 1
| #define HAVE_STRINGS_H 1
| #define HAVE_INTTYPES_H 1
| #define HAVE_STDINT_H 1
| #define HAVE_UNISTD_H 1
| #define CMS_INC "lcms/lcms.h"
| #define HAVE_CMS 1
| #define HAVE_TIFF 1
| #define PREL "/home/subzero/devel/SCRIBUS/"
| #ifdef __cplusplus
| extern "C" void std::exit (int) throw (); using std::exit;
| #endif
| #define HAVE_TEMPLATE_REPOSITORY 1
| #define HAVE_PYTHON 1
| #define HAVE_CUPS 1
| #define HAVE_CRYPT 1
| #define ksize_t socklen_t
| /* end confdefs.h.  */
| 
| /* Override any gcc2 internal prototype to avoid an error.  */
| #ifdef __cplusplus
| extern "C"
| #endif
| /* We use char because int might match the return type of a gcc2
|    builtin and then its argument prototype would still apply.  */
| char dnet_ntoa ();
| int
| main ()
| {
| dnet_ntoa ();
|   ;
|   return 0;
| }
configure:16007: result: no
configure:16014: checking for dnet_ntoa in -ldnet_stub
configure:16044: gcc -o conftest -O2  -g -O2   conftest.c -ldnet_stub  -lnsl  >&5
/usr/lib/gcc-lib/i586-pc-linux-gnu/3.3.3/../../../../i586-pc-linux-gnu/bin/ld: cannot find -ldnet_stub
collect2: ld returned 1 exit status
configure:16050: $? = 1
configure: failed program was:
| /* confdefs.h.  */
| 
| #define PACKAGE_NAME ""
| #define PACKAGE_TARNAME ""
| #define PACKAGE_VERSION ""
| #define PACKAGE_STRING ""
| #define PACKAGE_BUGREPORT ""
| #define PACKAGE "scribus-vlna"
| #define VERSION "0.3.7"
| #define HAVE_FREETYPE 1
| #define STDC_HEADERS 1
| #define HAVE_SYS_TYPES_H 1
| #define HAVE_SYS_STAT_H 1
| #define HAVE_STDLIB_H 1
| #define HAVE_STRING_H 1
| #define HAVE_MEMORY_H 1
| #define HAVE_STRINGS_H 1
| #define HAVE_INTTYPES_H 1
| #define HAVE_STDINT_H 1
| #define HAVE_UNISTD_H 1
| #define CMS_INC "lcms/lcms.h"
| #define HAVE_CMS 1
| #define HAVE_TIFF 1
| #define PREL "/home/subzero/devel/SCRIBUS/"
| #ifdef __cplusplus
| extern "C" void std::exit (int) throw (); using std::exit;
| #endif
| #define HAVE_TEMPLATE_REPOSITORY 1
| #define HAVE_PYTHON 1
| #define HAVE_CUPS 1
| #define HAVE_CRYPT 1
| #define ksize_t socklen_t
| /* end confdefs.h.  */
| 
| /* Override any gcc2 internal prototype to avoid an error.  */
| #ifdef __cplusplus
| extern "C"
| #endif
| /* We use char because int might match the return type of a gcc2
|    builtin and then its argument prototype would still apply.  */
| char dnet_ntoa ();
| int
| main ()
| {
| dnet_ntoa ();
|   ;
|   return 0;
| }
configure:16076: result: no
configure:16083: checking for inet_ntoa
configure:16140: gcc -o conftest -O2  -g -O2   conftest.c -lnsl  >&5
configure:16146: $? = 0
configure:16150: test -z 
			 || test ! -s conftest.err
configure:16153: $? = 0
configure:16156: test -s conftest
configure:16159: $? = 0
configure:16171: result: yes
configure:16244: checking for connect
configure:16301: gcc -o conftest -O2  -g -O2   conftest.c -lnsl  >&5
configure:16307: $? = 0
configure:16311: test -z 
			 || test ! -s conftest.err
configure:16314: $? = 0
configure:16317: test -s conftest
configure:16320: $? = 0
configure:16332: result: yes
configure:16406: checking for remove
configure:16463: gcc -o conftest -O2  -g -O2   conftest.c -lnsl  >&5
configure:16469: $? = 0
configure:16473: test -z 
			 || test ! -s conftest.err
configure:16476: $? = 0
configure:16479: test -s conftest
configure:16482: $? = 0
configure:16494: result: yes
configure:16569: checking for shmat
configure:16626: gcc -o conftest -O2  -g -O2   conftest.c -lnsl  >&5
configure:16632: $? = 0
configure:16636: test -z 
			 || test ! -s conftest.err
configure:16639: $? = 0
configure:16642: test -s conftest
configure:16645: $? = 0
configure:16657: result: yes
configure:16738: checking for res_init
configure:16795: gcc -o conftest -O2  -g -O2   conftest.c -lnsl  >&5
/tmp/ccMKu9sU.o(.text+0xe): In function `main':
/home/subzero/devel/tests/donothingplugin-1.0/conftest.c:74: undefined reference to `res_init'
/tmp/ccMKu9sU.o(.data+0x0):/home/subzero/devel/tests/donothingplugin-1.0/conftest.c:73: undefined reference to `res_init'
collect2: ld returned 1 exit status
configure:16801: $? = 1
configure: failed program was:
| /* confdefs.h.  */
| 
| #define PACKAGE_NAME ""
| #define PACKAGE_TARNAME ""
| #define PACKAGE_VERSION ""
| #define PACKAGE_STRING ""
| #define PACKAGE_BUGREPORT ""
| #define PACKAGE "scribus-vlna"
| #define VERSION "0.3.7"
| #define HAVE_FREETYPE 1
| #define STDC_HEADERS 1
| #define HAVE_SYS_TYPES_H 1
| #define HAVE_SYS_STAT_H 1
| #define HAVE_STDLIB_H 1
| #define HAVE_STRING_H 1
| #define HAVE_MEMORY_H 1
| #define HAVE_STRINGS_H 1
| #define HAVE_INTTYPES_H 1
| #define HAVE_STDINT_H 1
| #define HAVE_UNISTD_H 1
| #define CMS_INC "lcms/lcms.h"
| #define HAVE_CMS 1
| #define HAVE_TIFF 1
| #define PREL "/home/subzero/devel/SCRIBUS/"
| #ifdef __cplusplus
| extern "C" void std::exit (int) throw (); using std::exit;
| #endif
| #define HAVE_TEMPLATE_REPOSITORY 1
| #define HAVE_PYTHON 1
| #define HAVE_CUPS 1
| #define HAVE_CRYPT 1
| #define ksize_t socklen_t
| /* end confdefs.h.  */
| /* Define res_init to an innocuous variant, in case <limits.h> declares res_init.
|    For example, HP-UX 11i <limits.h> declares gettimeofday.  */
| #define res_init innocuous_res_init
| 
| /* System header to define __stub macros and hopefully few prototypes,
|     which can conflict with char res_init (); below.
|     Prefer <limits.h> to <assert.h> if __STDC__ is defined, since
|     <limits.h> exists even on freestanding compilers.  */
| 
| #ifdef __STDC__
| # include <limits.h>
| #else
| # include <assert.h>
| #endif
| 
| #undef res_init
| 
| /* Override any gcc2 internal prototype to avoid an error.  */
| #ifdef __cplusplus
| extern "C"
| {
| #endif
| /* We use char because int might match the return type of a gcc2
|    builtin and then its argument prototype would still apply.  */
| char res_init ();
| /* The GNU C library defines this for functions which it implements
|     to always fail with ENOSYS.  Some functions are actually named
|     something starting with __ and the normal name is an alias.  */
| #if defined (__stub_res_init) || defined (__stub___res_init)
| choke me
| #else
| char (*f) () = res_init;
| #endif
| #ifdef __cplusplus
| }
| #endif
| 
| int
| main ()
| {
| return f != res_init;
|   ;
|   return 0;
| }
configure:16826: result: no
configure:16857: gcc -o conftest -O2  -g -O2   conftest.c -lnsl   -lresolv >&5
configure:16863: $? = 0
configure:16867: test -z 
			 || test ! -s conftest.err
configure:16870: $? = 0
configure:16873: test -s conftest
configure:16876: $? = 0
configure:16903: checking for killpg in -lucb
configure:16933: gcc -o conftest -O2  -g -O2   conftest.c -lucb  -lnsl  >&5
/usr/lib/gcc-lib/i586-pc-linux-gnu/3.3.3/../../../../i586-pc-linux-gnu/bin/ld: cannot find -lucb
collect2: ld returned 1 exit status
configure:16939: $? = 1
configure: failed program was:
| /* confdefs.h.  */
| 
| #define PACKAGE_NAME ""
| #define PACKAGE_TARNAME ""
| #define PACKAGE_VERSION ""
| #define PACKAGE_STRING ""
| #define PACKAGE_BUGREPORT ""
| #define PACKAGE "scribus-vlna"
| #define VERSION "0.3.7"
| #define HAVE_FREETYPE 1
| #define STDC_HEADERS 1
| #define HAVE_SYS_TYPES_H 1
| #define HAVE_SYS_STAT_H 1
| #define HAVE_STDLIB_H 1
| #define HAVE_STRING_H 1
| #define HAVE_MEMORY_H 1
| #define HAVE_STRINGS_H 1
| #define HAVE_INTTYPES_H 1
| #define HAVE_STDINT_H 1
| #define HAVE_UNISTD_H 1
| #define CMS_INC "lcms/lcms.h"
| #define HAVE_CMS 1
| #define HAVE_TIFF 1
| #define PREL "/home/subzero/devel/SCRIBUS/"
| #ifdef __cplusplus
| extern "C" void std::exit (int) throw (); using std::exit;
| #endif
| #define HAVE_TEMPLATE_REPOSITORY 1
| #define HAVE_PYTHON 1
| #define HAVE_CUPS 1
| #define HAVE_CRYPT 1
| #define ksize_t socklen_t
| #define HAVE_RES_INIT 1
| /* end confdefs.h.  */
| 
| /* Override any gcc2 internal prototype to avoid an error.  */
| #ifdef __cplusplus
| extern "C"
| #endif
| /* We use char because int might match the return type of a gcc2
|    builtin and then its argument prototype would still apply.  */
| char killpg ();
| int
| main ()
| {
| killpg ();
|   ;
|   return 0;
| }
configure:16965: result: no
configure:17048: checking for int
configure:17072: gcc -c -O2  -g -O2  conftest.c >&5
configure:17078: $? = 0
configure:17082: test -z 
			 || test ! -s conftest.err
configure:17085: $? = 0
configure:17088: test -s conftest.o
configure:17091: $? = 0
configure:17102: result: yes
configure:17105: checking size of int
configure:17424: gcc -o conftest -O2  -g -O2   conftest.c -lnsl  >&5
configure:17427: $? = 0
configure:17429: ./conftest
configure:17432: $? = 0
configure:17455: result: 4
configure:17461: checking for long
configure:17485: gcc -c -O2  -g -O2  conftest.c >&5
configure:17491: $? = 0
configure:17495: test -z 
			 || test ! -s conftest.err
configure:17498: $? = 0
configure:17501: test -s conftest.o
configure:17504: $? = 0
configure:17515: result: yes
configure:17518: checking size of long
configure:17837: gcc -o conftest -O2  -g -O2   conftest.c -lnsl  >&5
configure:17840: $? = 0
configure:17842: ./conftest
configure:17845: $? = 0
configure:17868: result: 4
configure:17874: checking for char *
configure:17898: gcc -c -O2  -g -O2  conftest.c >&5
configure:17904: $? = 0
configure:17908: test -z 
			 || test ! -s conftest.err
configure:17911: $? = 0
configure:17914: test -s conftest.o
configure:17917: $? = 0
configure:17928: result: yes
configure:17931: checking size of char *
configure:18250: gcc -o conftest -O2  -g -O2   conftest.c -lnsl  >&5
configure:18253: $? = 0
configure:18255: ./conftest
configure:18258: $? = 0
configure:18281: result: 4
configure:18287: checking for char
configure:18311: gcc -c -O2  -g -O2  conftest.c >&5
configure:18317: $? = 0
configure:18321: test -z 
			 || test ! -s conftest.err
configure:18324: $? = 0
configure:18327: test -s conftest.o
configure:18330: $? = 0
configure:18341: result: yes
configure:18344: checking size of char
configure:18663: gcc -o conftest -O2  -g -O2   conftest.c -lnsl  >&5
configure:18666: $? = 0
configure:18668: ./conftest
configure:18671: $? = 0
configure:18694: result: 1
configure:18702: checking for dlopen in -ldl
configure:18764: result: yes
configure:18774: checking for shl_unload in -ldld
configure:18836: result: no
configure:18871: checking for X
configure:18913: gcc -E  conftest.c
configure:18919: $? = 0
configure:19010: gcc -o conftest -O2  -g -O2   conftest.c -lXt -lnsl  >&5
/usr/lib/gcc-lib/i586-pc-linux-gnu/3.3.3/../../../../i586-pc-linux-gnu/bin/ld: cannot find -lXt
collect2: ld returned 1 exit status
configure:19016: $? = 1
configure: failed program was:
| /* confdefs.h.  */
| 
| #define PACKAGE_NAME ""
| #define PACKAGE_TARNAME ""
| #define PACKAGE_VERSION ""
| #define PACKAGE_STRING ""
| #define PACKAGE_BUGREPORT ""
| #define PACKAGE "scribus-vlna"
| #define VERSION "0.3.7"
| #define HAVE_FREETYPE 1
| #define STDC_HEADERS 1
| #define HAVE_SYS_TYPES_H 1
| #define HAVE_SYS_STAT_H 1
| #define HAVE_STDLIB_H 1
| #define HAVE_STRING_H 1
| #define HAVE_MEMORY_H 1
| #define HAVE_STRINGS_H 1
| #define HAVE_INTTYPES_H 1
| #define HAVE_STDINT_H 1
| #define HAVE_UNISTD_H 1
| #define CMS_INC "lcms/lcms.h"
| #define HAVE_CMS 1
| #define HAVE_TIFF 1
| #define PREL "/home/subzero/devel/SCRIBUS/"
| #ifdef __cplusplus
| extern "C" void std::exit (int) throw (); using std::exit;
| #endif
| #define HAVE_TEMPLATE_REPOSITORY 1
| #define HAVE_PYTHON 1
| #define HAVE_CUPS 1
| #define HAVE_CRYPT 1
| #define ksize_t socklen_t
| #define HAVE_RES_INIT 1
| #define SIZEOF_INT 4
| #define SIZEOF_LONG 4
| #define SIZEOF_CHAR_P 4
| #define SIZEOF_CHAR 1
| /* end confdefs.h.  */
| 
| int
| main ()
| {
| XtMalloc()
|   ;
|   return 0;
| }
configure:19175: result: libraries /usr/X11R6/lib, headers /usr/X11R6/include
configure:19209: checking for IceConnectionNumber in -lICE
configure:19239: gcc -o conftest -O2  -g -O2   -L/usr/X11R6/lib conftest.c -lICE  -lresolv -lnsl  >&5
configure:19245: $? = 0
configure:19249: test -z 
			 || test ! -s conftest.err
configure:19252: $? = 0
configure:19255: test -s conftest
configure:19258: $? = 0
configure:19271: result: yes
configure:19285: checking for libXext
configure:19320: gcc -o conftest -O2  -g -O2   -L/usr/X11R6/lib  conftest.c -lXext -lX11  -lresolv >&5
configure:19326: $? = 0
configure:19330: test -z 
			 || test ! -s conftest.err
configure:19333: $? = 0
configure:19336: test -s conftest
configure:19339: $? = 0
configure:19358: result: yes
configure:19371: checking for Xinerama
configure:19455: result: no
configure:20021: checking for extra includes
configure:20049: result: no
configure:20053: checking for extra libs
configure:20082: result: no
configure:20088: checking for libz
configure:20122: gcc -o conftest -O2  -g -O2 -I/usr/X11R6/include   -D_REENTRANT  conftest.c -L/usr/X11R6/lib  -lz  -lresolv >&5
configure:20128: $? = 0
configure:20132: test -z 
			 || test ! -s conftest.err
configure:20135: $? = 0
configure:20138: test -s conftest
configure:20141: $? = 0
configure:20164: result: -lz
configure:20177: checking for libpng
configure:20219: gcc -o conftest -O2  -g -O2 -I/usr/X11R6/include   -D_REENTRANT  conftest.c -lnsl  -L/usr/X11R6/lib  -lpng -lz -lm -lX11  -lresolv >&5
configure:20225: $? = 0
configure:20229: test -z 
			 || test ! -s conftest.err
configure:20232: $? = 0
configure:20235: test -s conftest
configure:20238: $? = 0
configure:20262: result: -lpng -lz -lm
configure:20273: checking for libjpeg6b
configure:20319: gcc -o conftest -O2  -g -O2 -I/usr/X11R6/include   -D_REENTRANT  conftest.c -L/usr/X11R6/lib  -ljpeg6b -lm >&5
/usr/lib/gcc-lib/i586-pc-linux-gnu/3.3.3/../../../../i586-pc-linux-gnu/bin/ld: cannot find -ljpeg6b
collect2: ld returned 1 exit status
configure:20325: $? = 1
configure: failed program was:
| /* confdefs.h.  */
| 
| #define PACKAGE_NAME ""
| #define PACKAGE_TARNAME ""
| #define PACKAGE_VERSION ""
| #define PACKAGE_STRING ""
| #define PACKAGE_BUGREPORT ""
| #define PACKAGE "scribus-vlna"
| #define VERSION "0.3.7"
| #define HAVE_FREETYPE 1
| #define STDC_HEADERS 1
| #define HAVE_SYS_TYPES_H 1
| #define HAVE_SYS_STAT_H 1
| #define HAVE_STDLIB_H 1
| #define HAVE_STRING_H 1
| #define HAVE_MEMORY_H 1
| #define HAVE_STRINGS_H 1
| #define HAVE_INTTYPES_H 1
| #define HAVE_STDINT_H 1
| #define HAVE_UNISTD_H 1
| #define CMS_INC "lcms/lcms.h"
| #define HAVE_CMS 1
| #define HAVE_TIFF 1
| #define PREL "/home/subzero/devel/SCRIBUS/"
| #ifdef __cplusplus
| extern "C" void std::exit (int) throw (); using std::exit;
| #endif
| #define HAVE_TEMPLATE_REPOSITORY 1
| #define HAVE_PYTHON 1
| #define HAVE_CUPS 1
| #define HAVE_CRYPT 1
| #define ksize_t socklen_t
| #define HAVE_RES_INIT 1
| #define SIZEOF_INT 4
| #define SIZEOF_LONG 4
| #define SIZEOF_CHAR_P 4
| #define SIZEOF_CHAR 1
| #define HAVE_LIBZ 1
| #define HAVE_LIBPNG 1
| /* end confdefs.h.  */
| /* Override any gcc2 internal prototype to avoid an error.  */
| struct jpeg_decompress_struct;
| typedef struct jpeg_decompress_struct * j_decompress_ptr;
| typedef int size_t;
| #ifdef __cplusplus
| extern "C" {
| #endif
|     void jpeg_CreateDecompress(j_decompress_ptr cinfo,
|                                     int version, size_t structsize);
| #ifdef __cplusplus
| }
| #endif
| /* We use char because int might match the return type of a gcc2
|     builtin and then its argument prototype would still apply.  */
| 
| int
| main ()
| {
| jpeg_CreateDecompress(0L, 0, 0);
|   ;
|   return 0;
| }
configure:20360: result: no
configure:20363: checking for libjpeg
configure:20409: gcc -o conftest -O2  -g -O2 -I/usr/X11R6/include   -D_REENTRANT  conftest.c -L/usr/X11R6/lib  -ljpeg -lm >&5
configure:20415: $? = 0
configure:20419: test -z 
			 || test ! -s conftest.err
configure:20422: $? = 0
configure:20425: test -s conftest
configure:20428: $? = 0
configure:20447: result: -ljpeg
configure: 20474: /usr/include/jpeglib.h
taking that
configure:20641: checking for Qt
configure: 20709: /usr/qt/3/include/qstyle.h
taking that
tried NO
configure:20818: rm -rf SunWS_cache; g++ -o conftest -O2 -fno-exceptions -fno-check-new -I/usr/qt/3/include -I/usr/X11R6/include  -DQT_THREAD_SUPPORT  -D_REENTRANT  -L/usr/qt/3/lib -L/usr/X11R6/lib   conftest.cc -lnsl  -lqt-mt -lpng -lz -lm -ljpeg -ldl  -lXext -lX11 -lSM -lICE  -lresolv -lpthread 1>&5
configure:20821: $? = 0
configure:20880: result: libraries /usr/qt/3/lib, headers /usr/qt/3/include using -mt
configure:20890: checking if Qt compiles without flags
configure:20987: rm -rf SunWS_cache; g++ -o conftest -O2 -fno-exceptions -fno-check-new -I/usr/qt/3/include  -DQT_THREAD_SUPPORT  -D_REENTRANT  -L/usr/X11R6/lib conftest.cc -lqt-mt -lpng -lz -lm -ljpeg -ldl  -lXext -lX11 -lSM -lICE  -lresolv -lXext -lX11  -lresolv 1>&5
/usr/lib/gcc-lib/i586-pc-linux-gnu/3.3.3/../../../../i586-pc-linux-gnu/bin/ld: cannot find -lqt-mt
collect2: ld returned 1 exit status
configure:20990: $? = 1
configure: failed program was:
#include "confdefs.h"
#include <qglobal.h>
#include <qapplication.h>
#include <qcursor.h>
#include <qstylefactory.h>
#include <private/qucomextra_p.h>
#if ! (QT_VERSION >= 302)
#error 1
#endif

int main() {
    (void)QStyleFactory::create(QString::null);
    QCursor c(Qt::WhatsThisCursor);
    return 0;
}
configure:21023: result: no
configure:21061: checking for moc
configure:21130: result: /usr/qt/3/bin/moc
configure:21138: checking for uic
configure:21189: result: /usr/qt/3/bin/uic
configure:21217: checking whether uic supports -L 
configure:21228: /usr/qt/3/bin/uic -L /nonexistant conftest.ui >/dev/null
configure:21231: $? = 0
configure:21243: result: yes
configure:21255: checking whether uic supports -nounload 
configure:21266: /usr/qt/3/bin/uic -nounload  conftest.ui >/dev/null
configure:21269: $? = 0
configure:21281: result: yes
configure:21316: checking if Qt needs -ljpeg
configure:21357: rm -rf SunWS_cache; g++ -o conftest -O2 -fno-exceptions -fno-check-new -I/usr/qt/3/include -I/usr/X11R6/include   -DQT_THREAD_SUPPORT  -D_REENTRANT  conftest.cc -L/usr/X11R6/lib -L/usr/qt/3/lib -lqt-mt -lpng -lz -lm  -ldl -lXext -lX11 -lSM -lICE -lresolv 1>&5
configure:21363: $? = 0
configure:21367: test -z 
			 || test ! -s conftest.err
configure:21370: $? = 0
configure:21373: test -s conftest
configure:21376: $? = 0
configure:21404: result: no
configure:21552: creating ./config.status

## ---------------------- ##
## Running config.status. ##
## ---------------------- ##

This file was extended by config.status, which was
generated by GNU Autoconf 2.59.  Invocation command line was

  CONFIG_FILES    = 
  CONFIG_HEADERS  = 
  CONFIG_LINKS    = 
  CONFIG_COMMANDS = 
  $ ./config.status 

on powerpuff

config.status:773: creating Makefile
config.status:773: creating donothingplugin/Makefile
config.status:877: creating config.h
config.status:1021: config.h is unchanged
config.status:1201: executing depfiles commands

## ---------------- ##
## Cache variables. ##
## ---------------- ##

ac_cv_build=i686-pc-linux-gnu
ac_cv_build_alias=i686-pc-linux-gnu
ac_cv_c_compiler_gnu=yes
ac_cv_cxx_compiler_gnu=yes
ac_cv_env_CC_set=set
ac_cv_env_CC_value=gcc
ac_cv_env_CFLAGS_set=
ac_cv_env_CFLAGS_value=
ac_cv_env_CPPFLAGS_set=
ac_cv_env_CPPFLAGS_value=
ac_cv_env_CPP_set=
ac_cv_env_CPP_value=
ac_cv_env_CXXCPP_set=
ac_cv_env_CXXCPP_value=
ac_cv_env_CXXFLAGS_set=
ac_cv_env_CXXFLAGS_value=
ac_cv_env_CXX_set=set
ac_cv_env_CXX_value=g++
ac_cv_env_LDFLAGS_set=
ac_cv_env_LDFLAGS_value=
ac_cv_env_build_alias_set=
ac_cv_env_build_alias_value=
ac_cv_env_host_alias_set=
ac_cv_env_host_alias_value=
ac_cv_env_target_alias_set=
ac_cv_env_target_alias_value=
ac_cv_exeext=
ac_cv_func_connect=yes
ac_cv_func_inet_ntoa=yes
ac_cv_func_remove=yes
ac_cv_func_res_init=no
ac_cv_func_shmat=yes
ac_cv_have_dlfcn=yes
ac_cv_have_qt='have_qt=yes     ac_qt_includes=/usr/qt/3/include ac_qt_libraries=/usr/qt/3/lib'
ac_cv_have_xinerama=no
ac_cv_header_cups_cups_h=yes
ac_cv_header_inttypes_h=yes
ac_cv_header_lcms_h=no
ac_cv_header_lcms_lcms_h=yes
ac_cv_header_memory_h=yes
ac_cv_header_stdc=yes
ac_cv_header_stdint_h=yes
ac_cv_header_stdlib_h=yes
ac_cv_header_string_h=yes
ac_cv_header_strings_h=yes
ac_cv_header_sys_stat_h=yes
ac_cv_header_sys_types_h=yes
ac_cv_header_unistd_h=yes
ac_cv_host=i686-pc-linux-gnu
ac_cv_host_alias=i686-pc-linux-gnu
ac_cv_lib_ICE_IceConnectionNumber=yes
ac_cv_lib_c_dlopen=no
ac_cv_lib_compat_main=no
ac_cv_lib_crypt_crypt=yes
ac_cv_lib_cups_httpConnect=yes
ac_cv_lib_dl_dlopen=yes
ac_cv_lib_dld_shl_unload=no
ac_cv_lib_dnet_dnet_ntoa=no
ac_cv_lib_dnet_stub_dnet_ntoa=no
ac_cv_lib_freetype_FT_Get_Next_Char=yes
ac_cv_lib_jpeg_6b=no
ac_cv_lib_jpeg_normal=-ljpeg
ac_cv_lib_lcms__cmsChannelsOf=yes
ac_cv_lib_nsl_gethostbyaddr=yes
ac_cv_lib_png='-lpng -lz -lm'
ac_cv_lib_pthread_pthread_create=yes
ac_cv_lib_socket_socket=no
ac_cv_lib_tiff_TIFFOpen=yes
ac_cv_lib_ucb_killpg=no
ac_cv_lib_util_main=yes
ac_cv_lib_z=-lz
ac_cv_objext=o
ac_cv_path_FREETYPE_CONFIG=/usr/bin/freetype-config
ac_cv_path_install='/bin/install -c'
ac_cv_prog_AWK=gawk
ac_cv_prog_CPP='gcc -E'
ac_cv_prog_CXXCPP='g++ -E'
ac_cv_prog_ac_ct_CC=gcc
ac_cv_prog_ac_ct_RANLIB=ranlib
ac_cv_prog_ac_ct_STRIP=strip
ac_cv_prog_cc_g=yes
ac_cv_prog_cc_stdc=
ac_cv_prog_cxx_g=yes
ac_cv_prog_egrep='grep -E'
ac_cv_prog_make_make_set=yes
ac_cv_sizeof_char=1
ac_cv_sizeof_char_p=4
ac_cv_sizeof_int=4
ac_cv_sizeof_long=4
ac_cv_socklen_t=socklen_t
ac_cv_target=i686-pc-linux-gnu
ac_cv_target_alias=i686-pc-linux-gnu
ac_cv_type_char=yes
ac_cv_type_char_p=yes
ac_cv_type_int=yes
ac_cv_type_long=yes
am_cv_CC_dependencies_compiler_type=gcc3
am_cv_CXX_dependencies_compiler_type=gcc3
kde_cv_have_libXext=yes
kde_cv_have_x='have_x=yes          kde_x_includes=/usr/X11R6/include kde_x_libraries=/usr/X11R6/lib'
kde_cv_path=/usr/qt/3/bin/uic
kde_cv_path_moc=/usr/qt/3/bin/moc
kde_cv_path_uic=/usr/qt/3/bin/uic
kde_cv_prog_cxx_fexceptions=yes
kde_cv_prog_cxx_fno_check_new=yes
kde_cv_prog_cxx_fno_exceptions=yes
kde_cv_prog_cxx_frepo=yes
kde_cv_prog_uic_L=yes
kde_cv_prog_uic_nounload=yes
kde_cv_pythondir=/usr/local
kde_cv_qt_direct=no
kde_cv_qt_jpeg=no
kde_cv_try_link_python_db2=no
kde_cv_try_link_python_m=no
kde_cv_try_link_python_m_and_thread=no
kde_cv_try_link_python_m_and_thread_and_util=yes
kde_cv_try_link_python_normal=no
kde_cv_try_link_python_pthread=no
kde_cv_try_link_python_tcl=no
lt_cv_deplibs_check_method=pass_all
lt_cv_file_magic_cmd='$MAGIC_CMD'
lt_cv_file_magic_test_file='/lib/libc.so.6 /lib/libc-2.3.3.so'
lt_cv_ld_reload_flag=-r
lt_cv_path_LD=/usr/i586-pc-linux-gnu/bin/ld
lt_cv_path_NM='/usr/bin/nm -B'
lt_cv_prog_gnu_ld=yes

## ----------------- ##
## Output variables. ##
## ----------------- ##

ACLOCAL='${SHELL} /home/subzero/devel/tests/donothingplugin-1.0/admin/missing --run aclocal-1.7'
AMDEPBACKSLASH='\'
AMDEP_FALSE='#'
AMDEP_TRUE=''
AMTAR='${SHELL} /home/subzero/devel/tests/donothingplugin-1.0/admin/missing --run tar'
AUTOCONF='${SHELL} /home/subzero/devel/tests/donothingplugin-1.0/admin/missing --run autoconf'
AUTOHEADER='${SHELL} /home/subzero/devel/tests/donothingplugin-1.0/admin/missing --run autoheader'
AUTOMAKE='${SHELL} /home/subzero/devel/tests/donothingplugin-1.0/admin/missing --run automake-1.7'
AWK='gawk'
CC='gcc'
CCDEPMODE='depmode=gcc3'
CFLAGS='-O2  -g -O2'
CPP='gcc -E'
CPPFLAGS=' -DQT_THREAD_SUPPORT  -D_REENTRANT'
CXX='g++'
CXXCPP='g++ -E'
CXXDEPMODE='depmode=gcc3'
CXXFLAGS='-O2 -fno-exceptions -fno-check-new'
CYGPATH_W='echo'
DEFS='-DHAVE_CONFIG_H'
DEPDIR='.deps'
ECHO_C=''
ECHO_N='-n'
ECHO_T=''
EGREP='grep -E'
EXEEXT=''
FREETYPE_CONFIG='/usr/bin/freetype-config'
INSTALL_DATA='${INSTALL} -m 644'
INSTALL_PROGRAM='${INSTALL} $(INSTALL_STRIP_FLAG)'
INSTALL_SCRIPT='${INSTALL}'
INSTALL_STRIP_PROGRAM='${SHELL} $(install_sh) -c -s'
KDE_CXXFLAGS=''
KDE_MT_LDFLAGS=''
KDE_MT_LIBS='-lpthread'
KDE_PLUGIN='-avoid-version -module -no-undefined $(KDE_RPATH) $(KDE_MT_LDFLAGS)'
KDE_USE_CLOSURE_FALSE='#'
KDE_USE_CLOSURE_TRUE=''
KDE_USE_FINAL_FALSE=''
KDE_USE_FINAL_TRUE='#'
LDFLAGS=''
LIBCOMPAT=''
LIBCRYPT='-lcrypt'
LIBCUPS='-lcups'
LIBDL2=''
LIBDL='-ldl'
LIBFREETYPE_CFLAGS='-I/usr/include/freetype2'
LIBFREETYPE_LIBS='-lfreetype -lz'
LIBJPEG='-ljpeg'
LIBLCMS='-llcms'
LIBOBJS=''
LIBPNG='-lpng -lz -lm'
LIBPTHREAD='-lpthread'
LIBPYTHON='-lpython2.2 -lpthread -lm -lutil -ldl '
LIBRESOLV='-lresolv'
LIBS='-lnsl '
LIBSM='-lSM -lICE'
LIBSOCKET=' -lresolv'
LIBTIFF='-ltiff'
LIBTOOL='$(SHELL) $(top_builddir)/libtool'
LIBUCB=''
LIBUTIL='-lutil'
LIBXINERAMA=''
LIBZ='-lz'
LIB_QPE=''
LIB_QT='-lqt-mt  $(LIBPNG) -lXext $(LIB_X11) $(LIBSM) -lpthread'
LIB_X11='-lX11 $(LIBSOCKET)'
LIB_XEXT='-lXext'
LN_S='ln -s'
LTLIBOBJS=''
MAKEINFO='${SHELL} /home/subzero/devel/tests/donothingplugin-1.0/admin/missing --run makeinfo'
MOC='/usr/qt/3/bin/moc'
NOOPT_CFLAGS=' -g'
NOOPT_CXXFLAGS=' -fno-exceptions -fno-check-new'
NOREPO='-fno-repo'
OBJEXT='o'
PACKAGE='scribus-vlna'
PACKAGE_BUGREPORT=''
PACKAGE_NAME=''
PACKAGE_STRING=''
PACKAGE_TARNAME=''
PACKAGE_VERSION=''
PATH_SEPARATOR=':'
PYTHONINC='-I/usr/include/python2.2'
PYTHONLIB='-L/usr/lib/python2.2/config'
PYTHONMODDIR='/usr/lib/python2.2'
QTE_NORTTI=''
QT_INCLUDES='-I/usr/qt/3/include'
QT_LDFLAGS='-L/usr/qt/3/lib'
RANLIB='ranlib'
REPO='-frepo'
SET_MAKE=''
SHELL='/bin/sh'
STRIP='strip'
UIC='/usr/qt/3/bin/uic -L $(kde_widgetdir) -nounload'
UIC_TR='tr2i18n'
USER_INCLUDES=''
USER_LDFLAGS=''
USE_EXCEPTIONS='-fexceptions'
USE_RTTI=''
USE_THREADS=''
VERSION='0.3.7'
WOVERLOADED_VIRTUAL=''
X_EXTRA_LIBS=' -lresolv'
X_INCLUDES='-I/usr/X11R6/include'
X_LDFLAGS='-L/usr/X11R6/lib'
X_PRE_LIBS=''
ac_ct_CC='gcc'
ac_ct_CXX=''
ac_ct_RANLIB='ranlib'
ac_ct_STRIP='strip'
all_includes='-I/usr/qt/3/include -I/usr/X11R6/include'
all_libraries='-L/usr/X11R6/lib -L/usr/qt/3/lib'
am__fastdepCC_FALSE='#'
am__fastdepCC_TRUE=''
am__fastdepCXX_FALSE='#'
am__fastdepCXX_TRUE=''
am__include='include'
am__leading_dot='.'
am__quote=''
bindir='${exec_prefix}/bin'
build='i686-pc-linux-gnu'
build_alias=''
build_cpu='i686'
build_os='linux-gnu'
build_vendor='pc'
datadir='${prefix}/share'
exec_prefix='${prefix}'
host='i686-pc-linux-gnu'
host_alias=''
host_cpu='i686'
host_os='linux-gnu'
host_vendor='pc'
includedir='${prefix}/include'
infodir='${prefix}/info'
install_sh='/home/subzero/devel/tests/donothingplugin-1.0/admin/install-sh'
kde_qtver='3'
libdir='${exec_prefix}/lib'
libexecdir='${exec_prefix}/libexec'
localstatedir='${prefix}/var'
mandir='${prefix}/man'
oldincludedir='/usr/include'
prefix='/home/subzero/devel/SCRIBUS/'
program_transform_name='s,x,x,'
qt_includes='/usr/qt/3/include'
qt_libraries='/usr/qt/3/lib'
sbindir='${exec_prefix}/sbin'
sharedstatedir='${prefix}/com'
sysconfdir='${prefix}/etc'
target='i686-pc-linux-gnu'
target_alias=''
target_cpu='i686'
target_os='linux-gnu'
target_vendor='pc'
x_includes='/usr/X11R6/include'
x_libraries='/usr/X11R6/lib'

## ----------- ##
## confdefs.h. ##
## ----------- ##

#define CMS_INC "lcms/lcms.h"
#define HAVE_CMS 1
#define HAVE_CRYPT 1
#define HAVE_CUPS 1
#define HAVE_FREETYPE 1
#define HAVE_INTTYPES_H 1
#define HAVE_LIBJPEG 1
#define HAVE_LIBPNG 1
#define HAVE_LIBPTHREAD 1
#define HAVE_LIBZ 1
#define HAVE_MEMORY_H 1
#define HAVE_PYTHON 1
#define HAVE_RES_INIT 1
#define HAVE_STDINT_H 1
#define HAVE_STDLIB_H 1
#define HAVE_STRINGS_H 1
#define HAVE_STRING_H 1
#define HAVE_SYS_STAT_H 1
#define HAVE_SYS_TYPES_H 1
#define HAVE_TEMPLATE_REPOSITORY 1
#define HAVE_TIFF 1
#define HAVE_UNISTD_H 1
#define PACKAGE "scribus-vlna"
#define PACKAGE_BUGREPORT ""
#define PACKAGE_NAME ""
#define PACKAGE_STRING ""
#define PACKAGE_TARNAME ""
#define PACKAGE_VERSION ""
#define PREL "/home/subzero/devel/SCRIBUS/"
#define SIZEOF_CHAR 1
#define SIZEOF_CHAR_P 4
#define SIZEOF_INT 4
#define SIZEOF_LONG 4
#define STDC_HEADERS 1
#define VERSION "0.3.7"
#define ksize_t socklen_t
#endif
#ifdef __cplusplus
extern "C" void std::exit (int) throw (); using std::exit;

configure: exit 0

## ---------------------- ##
## Running config.status. ##
## ---------------------- ##

This file was extended by config.status, which was
generated by GNU Autoconf 2.59.  Invocation command line was

  CONFIG_FILES    = 
  CONFIG_HEADERS  = 
  CONFIG_LINKS    = 
  CONFIG_COMMANDS = 
  $ ./config.status config.h

on powerpuff

config.status:877: creating config.h
config.status:1021: config.h is unchanged
